1049
0 1fc7fcb8d7fe1bee6622ab2b312dd269_zym.xml
1 2127a5cc47fdb92e17c22b65647823cf_zym.xml
2 aba4c89da131d2e1410cdc95497b336d_zym.xml
3 345f46e9508e175cb65948c0ec8627f7_zym.xml
4 832a11a392ad8dfc4cc2f7f6a50647c1_zym.xml
5 346ec2f6fbf6b1c5bd481a7ddec53816_zym.xml
6 8d29bea5f8e2acc09b16bf4786303fc6_zym.xml
7 a8f88705c3dfb730b4fce5a6b616cdaa_zym.xml
8 30623beef796ce1ad04289592ec60c65_zym.xml
9 e959a222dad1782969b19ee21e7508c1_zym.xml
10 e1a55e03ca2e38286f0a5c7703bbf6fd_zym.xml
11 cb03f38035ee92c7e3458528569d34a0_zym.xml
12 bcba46b2d3ed8d6abd56d9156b6bfdd1_zym.xml
13 93bc7d70207e803f267a0526f444cc7c_zym.xml
14 333b3f439b9e7dd5eeba727724a661e8_zym.xml
15 32e22defd00c41909800cd14b9248f98_zym.xml
16 9a9a0366e10a8c955595565a83d20e34_zym.xml
17 2e3f82ce70a9242bc019eef38d0b7283_zym.xml
18 b3b144618a9452fa1d97ae31d363f371_zym.xml
19 1c3a3a726bf0c4458ac45bae2e7fc03a_zym.xml
20 123277c8c270e6ec797b23f50324a4a0_zym.xml
21 51665a3f77184c0a9626263d0261d2fa_zym.xml
22 86bf935529c2aeff103ec51ad8bdaf74_zym.xml
23 f06c7590d1e180fb3a87034292824505_zym.xml
24 a6c6fabf4c416d61d6610f2f66dc3043_zym.xml
25 ce2ef491c43945cbedb7eb658cb71898_zym.xml
26 ce2ef491c43945cbedb7eb658cb71898_zym.xml
27 e927d3e5baddb93bce155f27d508c11a_zym.xml
28 f95a00a9c8df1f72cad1935ccb6f06bc_zym.xml
29 2b9fa0455bb170274dbe70fa4da0e210_zym.xml
30 b97cea3ddcf73c2feaf39c26dc851a50_zym.xml
31 9fd6b710cd701d48c1d16f8833321402_zym.xml
32 0f8deb9380bed80d9c93c28b146f3b71_zym.xml
33 92fcc5b8ab6ad2b19585965b6cb56deb_zym.xml
34 fa5e52bb7b8e2ebc82379529299c8b5f_zym.xml
35 aa587ff68eccfabb7ab663f9f8548a45_zym.xml
36 0a82cc73bfacf284a758e91940a9dea3_zym.xml
37 082204bbc29ba12831c5e54be3bed869_zym.xml
38 a43412b3591a876d805e6d341e6512e9_zym.xml
39 3c8d7513518f84d1fd0b68d8d734695e_zym.xml
40 8af5e8c92966b0c6a9c928637ead5187_zym.xml
41 fc91c15287aa6c78343f1c085e5fe48d_zym.xml
42 73c7efea77aebb07b6716d45c5348373_zym.xml
43 ee7f438073214b2411944d72e09a6ed3_zym.xml
44 8f4cd7718bd458fea521aca9ee54fdca_zym.xml
45 b8eadd3ac6c71158c4576f5753800d8f_zym.xml
46 df4266a6f7ecf66581c1e2abeed02268_zym.xml
47 78a44f948b616051b78a96446673284f_zym.xml
48 7ea4166215075c0c71c8542ba4215d3a_zym.xml
49 822020105864b8427f95383d0d617251_zym.xml
50 8c2adfd74443f840ea8bf613966aec46_zym.xml
51 f27a4438bc9699a73ac2bcd98d52bd8a_zym.xml
52 269ca8efe0e8dc1d04cab130cbe7f58c_zym.xml
53 8bd82c408270db8725b7e8eba4e14a26_zym.xml
54 c3d65d22e69311c9f0689996a051f4b0_zym.xml
55 7ac17334a0c75b590f95603e6e623419_zym.xml
56 9549204bc5b1d5922a363a9445bac2e2_zym.xml
57 3e720e1dd48b028300e4f23dfac85236_zym.xml
58 c9852d1fddd0a52eb58dce18ef3ab1e5_zym.xml
59 185a8ee428f6546f8492887a55838987_zym.xml
60 12bbd50f361105889091795474f1ae65_zym.xml
61 c9a7215e58104782f97b87cea714aa86_zym.xml
62 88a34d9fa0cd1aa45e03f1efae7e125c_zym.xml
63 cec71fb69f60518124391f9731309d18_zym.xml
64 2f1e59d464c289cf1b6703912aa4d9ab_zym.xml
65 0456138fcf1cc0fcf50f390b60b62a79_zym.xml
66 f386d8d3e1a2213d003426cd35fe477a_zym.xml
67 0a233b7041ba1d824c3f07389dde018b_zym.xml
68 34fc08949cf1eb89eb8af6aa880a4c86_zym.xml
69 b06c4f92b01e5ad4910253e9a330a8e7_zym.xml
70 42bea7be64928f4fe583003faa099346_zym.xml
71 8a12d0aa571c6bdb4a3a7c94c2b62936_zym.xml
72 04dee72b1221e1049e854d8544b7a100_zym.xml
73 3d17827970dea2662b5972b8668ca755_zym.xml
74 69a26cc0582607554d5e985ae91e0b1d_zym.xml
75 ca91a3d1448f198f218710597546d025_zym.xml
76 186d627144ea35f4f4facf398bffaa04_zym.xml
77 212f570a7777ad6d8538baf37cd9025b_zym.xml
78 f4ffa492a28ef3165295593b22d821d0_zym.xml
79 b46ceb9a90e8a7503cdbce5a1dc2ca77_zym.xml
80 2087fa0706beb4d1ce59203f806bc69a_zym.xml
81 06eb1f2db992a868a7d9143324c27ea6_zym.xml
82 0e1f57bc86309356246b14135464c572_zym.xml
83 0016fd8640e439dfe24a8221eebc89ec_zym.xml
84 930f18b9004dfe5932c0bd9b0933f0bc_zym.xml
85 011076a033b948bebdb9697621fc6bc8_zym.xml
86 27d9fbc7849d1f4ea0f253e62bab6d93_zym.xml
87 371fcccbc89b2967926b6a18573b1bfb_zym.xml
88 76f141aad7ca74200f47c405991d1eb0_zym.xml
89 27accb7e21b515487bf3eaad05e24f5c_zym.xml
90 61c3fabcc7719c011fd24ec929c5c4a3_zym.xml
91 3d9d115dbfd08419e973fe0584af23af_zym.xml
92 dd028fb37fafc172d99773689b661b5d_zym.xml
93 1c3937eb1c24aa4ee0022526a74e6b8a_zym.xml
94 0afa97201bc986669becd3ab8b4bfc0e_zym.xml
95 a5a7a2df36e1fc27ea4ed16e961da538_zym.xml
96 bdf9de432192aee46e760d2869de3a95_zym.xml
97 cf3a1a82130b029ca850b24a3a9fad16_zym.xml
98 a233a10d769bacf766437e5d588f823e_zym.xml
99 47ab6ee48f9206dc007867fd1a90f371_zym.xml
100 74dcd51651626c5582c683cb858c631d_zym.xml
101 9e4f7253fd37696b6b2e8ee9739db14d_zym.xml
102 d20834e190f873fa4de8a2a788369931_zym.xml
103 1eeb5f7be38d18978bb45eae40669bbc_zym.xml
104 156ca17dd9698ae96241515415979acb_zym.xml
105 f372d4a073815f8a8d20e5ba7c52ee89_zym.xml
106 f978a440ea6534bbd01b41049e782056_zym.xml
107 2fd6e6f717887209ba6994f599f72a5b_zym.xml
108 1a803aa83d6bfb4c29bfddd622eedd3a_zym.xml
109 aeac26d7fd18f55915254ecbe8da4931_zym.xml
110 9c84b373e2adcf044fa5201b839f3318_zym.xml
111 3d1d3d4a73e37926ea89db4137964f8f_zym.xml
112 f5780af21ccf1e70449303846e4685c1_zym.xml
113 ba96fd7de771edab9df5aca776af02d2_zym.xml
114 5b0f6f593bc178ecd4dca2367909ce6d_zym.xml
115 954aff8552a259c53d3e57b8adf4dde9_zym.xml
116 354b4244983b6dd2e68e3fae66cda08e_zym.xml
117 34b90c5b6deb55fe319e79ad0d70aa4d_zym.xml
118 f93ec6ff3f8e985d233fefd1331455bd_zym.xml
119 235d511e65d507c775c92935101337c0_zym.xml
120 e6c83be4214df3e1dc310fda7389f891_zym.xml
121 4546569884d80a13cf5bc1fff45e1d49_zym.xml
122 8c9576dd3210c84734cf120f7494a2c2_zym.xml
123 07180ca5d826bbd37517ceb5515fc83b_zym.xml
124 ffe537932e62f001652ebf2cdc2bd5ed_zym.xml
125 b693a410e68b1c9de5ee52e13875c8e5_zym.xml
126 7836a43edfb68b18260d2a7a0ee11739_zym.xml
127 37ecf6aa4b24b5311032f5fa5c39f4f9_zym.xml
128 172adaf821df45ecad524adb23efb2aa_zym.xml
129 12e1e357f22c8a419e9c047b38159a77_zym.xml
130 8e6d815983e8b49a30fa2c2d910ac2e9_zym.xml
131 39c69caa2e1b48ce70fc88cfbfece45f_zym.xml
132 9b177fef79a31ce4b1dc5ffd739ff939_zym.xml
133 9f428f2e42744cd7415ed93a140103af_zym.xml
134 2de1794d72d7c8c1bc5766db679451d8_zym.xml
135 6a0ca65e233d4c1e12843e19b5b4e420_zym.xml
136 b294db6a4f94f873675c20aa0ee850de_zym.xml
137 0527c4449619569cd565d724216aea04_zym.xml
138 8c44658b7dec5d84ece14899553a11d6_zym.xml
139 b58c5c40c079d5df2199e405a2fbca87_zym.xml
140 f64f7543c3cba4fef02d0fd961a82667_zym.xml
141 df77f4e0eb602cae80d626d7b962dc97_zym.xml
142 e79a0b3433b460fdaa6b0f9b587ea7e5_zym.xml
143 40d689745be64027821e33fdda84e565_zym.xml
144 06bb4bc28935b60334153e7e8a5a06fd_zym.xml
145 415ff30dba3b7cb14a07cc5c4cd71330_zym.xml
146 ab678844276f2c07d0068cf05d832045_zym.xml
147 6b7118f1cc45f2a99ab89a554572f29c_zym.xml
148 a724b6b78e909e776d2e1953ab65466c_zym.xml
149 47293e4bf714b12216c9a037b3bf6323_zym.xml
150 c0499266c0b0915a66e03ea9f85a8343_zym.xml
151 65ae3d74de040741cafe23008d9375bd_zym.xml
152 eac0e1668bd47e486ee907ab14ddbedd_zym.xml
153 1b53ed6931ff62bc759c6bbc732e02d8_zym.xml
154 24db29a63ec893387b4697af7e2528da_zym.xml
155 41ccced6ee541547474d03c5f94bdf16_zym.xml
156 36d21aa5ed11fd8efce2efa6ecc4f1e7_zym.xml
157 6cd143106a251f96c31abe09f2f68d89_zym.xml
158 34af924da1c8d66878d7f272e7d99977_zym.xml
159 54e85a398921b8f039ecc9f00829d3e0_zym.xml
160 2c6537fb4338c36ed974a73608ad5c6a_zym.xml
161 bdb77553f88e2a480182b3df5c51be82_zym.xml
162 645960dfbe61999875ab0aeb13ecebee_zym.xml
163 2dff15ee4b92393c83f31b85502e8f76_zym.xml
164 9157d7aa000e28f769f7f72f499c1d05_zym.xml
165 94622481d59e4ef0cd2d9297f98837df_zym.xml
166 e774b8c83ddebae6f75751b246a19afa_zym.xml
167 5d6f020d0572ed2bb4b957247b402f60_zym.xml
168 854abd1898566bf92ce716b4d597b895_zym.xml
169 b680b908b29fcfb20edad283f28be8c0_zym.xml
170 c8f29a0336860151a69b1b8ab98ee6a5_zym.xml
171 9928c14f1866bb21e073dd044404e29b_zym.xml
172 db141d2bda77459ac24e9be630eac0f0_zym.xml
173 b18de3342a1f22edad98e0ad7565a00d_zym.xml
174 176660a566f67e01c33511807389d9b2_zym.xml
175 5f6cf2673ddea4c02e5a705535fdc71b_zym.xml
176 4f27e5057cc6ca025ef5668b5feeded5_zym.xml
177 ca6767d7b591fcf5f002324670599753_zym.xml
178 ac355a45cd25780fae1ea4cd4ffe7ba3_zym.xml
179 c0f6d102ca5e01b8b38057b70e17e71b_zym.xml
180 6058fe7226db9785a6700b0edadaad7a_zym.xml
181 bdb1b500bc6f0b20ca37b82ae7356fa9_zym.xml
182 db0c6770f0080b315c0d5acc812f03e5_zym.xml
183 2083ce6101fc8559bfcf399e9c50f706_zym.xml
184 f5b78041b8595f4419f7951aa1fde60b_zym.xml
185 7418bd35c87620ecbbe7a0ccbdc87f95_zym.xml
186 626e9a9b62830cab5dffb6b910f9822f_zym.xml
187 893341b495fe2cfa0d4eaa46b8c35ac3_zym.xml
188 b1f161cd175870446b1015127758f3c6_zym.xml
189 2d5a36926bb0d0361060e769c3dcbc6e_zym.xml
190 ca245d919bc0a5b97052651ef95cabec_zym.xml
191 119b619b6286393cad3f16173c0785d2_zym.xml
192 1a253ea924a994dd39dab815a25f93d0_zym.xml
193 1208416a452da89d07261929c8950130_zym.xml
194 6c07fad7c42575e25bc530bda75980b5_zym.xml
195 bba645691bc7e0fd7367213da7bca95f_zym.xml
196 d3f74a0ade441400b84f05a082de5e5f_zym.xml
197 2a4e1b6a1f93a6b1e8653fe4f7b9d3e2_zym.xml
198 a6cf5b2ceafe0701ad680322d4bffa53_zym.xml
199 f42909ccd6c2334afabff2a7a43a0007_zym.xml
200 ba51345e440fff9fd4d562fadf6d61e0_zym.xml
201 34ccbe5104563040f028c7c87c22217f_zym.xml
202 8651668492d318512c75ea3db5ffd3dc_zym.xml
203 e0c85911fb607ea68738a25daf1af1a0_zym.xml
204 575d2fd7630506cf0501a18a889bb2c3_zym.xml
205 f598509950d51d9e54271c0b456f92b9_zym.xml
206 e0adee5d210155f292f8ce812e18369a_zym.xml
207 c967c99e180c03375a6d5a5dc809a280_zym.xml
208 a4d218985b0aee66e9aa94cb99207414_zym.xml
209 83db35490a23ce701a6d1a2a922e6091_zym.xml
210 74921c1d622647c6f7ea7f39641d762e_zym.xml
211 0a2cec8083f66be5e365125300b77a84_zym.xml
212 2bb2774cb33bd46225103492b14cc742_zym.xml
213 8e363721a181ccb70b1f8ff7e4beb171_zym.xml
214 6319559cee3220e8bc129c866fbccb23_zym.xml
215 ef0835060f5af86df155f82bafd89b12_zym.xml
216 00833eeee702c6e74031746a385ebdff_zym.xml
217 dddb7e98f07463f1780bd15d77f37d8a_zym.xml
218 30eb4bb2dd13c24523a8de75a1e513b6_zym.xml
219 3a7af4b2789603cd3a64483ca3d1f193_zym.xml
220 cb6ecb5c1c897d68850f3a76045e1ad8_zym.xml
221 08ea7a0e2912916b3f16184d23ba29b0_zym.xml
222 eafcd52ac7ba5dd8bd9278892f35f791_zym.xml
223 b2c9137f3bb39776d75abf9d34df508b_zym.xml
224 bd433917609e2014f667c29a3648ba18_zym.xml
225 e62e14e1507a6edd61bc5235a2d30c8e_zym.xml
226 c2ef2b49cd4b7843ecdde57f8bce41fa_zym.xml
227 6c22ca720434bd70fb56930d0a7cd69f_zym.xml
228 dc645282114adb5fe54c127b575711f9_zym.xml
229 59d698691f07f65445c7b42656dfa84c_zym.xml
230 683b93eefa818397a5f56842cf220ffd_zym.xml
231 0f981fa5e4d84b0166fe1fe3c4edd82b_zym.xml
232 bde74d92f3d20a905317a069b016defe_zym.xml
233 7cef80d72afe744e02fb45f64b57b9de_zym.xml
234 b945a124716f552ba3a1bc0ce2b138bb_zym.xml
235 24d0f455c352dbc0bff7b7139dc1bf27_zym.xml
236 d24db8eaa9a471c6c2507284243ea759_zym.xml
237 683e0c99e5e890b001897866a6e9547c_zym.xml
238 2e0c8eda41e7a3ee38b54c4b231111cf_zym.xml
239 4be14e843f3ac77b95ff7dd8a92d6130_zym.xml
240 caa3d831e48767ca898569a2e889423e_zym.xml
241 dbb2d1ed696f21153884a18dbc61b77e_zym.xml
242 e65d3d9422f280b1d26b0e8e583e83d2_zym.xml
243 2acc27932bda7c3a5788888d842c505b_zym.xml
244 ea2e73d06c2d99364a2e0a2f0012dc5b_zym.xml
245 ed3daa418d9f6d290088130449f79462_zym.xml
246 4d8763d99b5b636f213f12a7c05da741_zym.xml
247 4e9eb01c5170c50ed4365ba9a2011d16_zym.xml
248 576f0e92201559a7efeeb91a80d6d818_zym.xml
249 8cda72155f74814938dc153171d08d71_zym.xml
250 8a27c5d1b8172f71f77aca36fc873e03_zym.xml
251 a89061e1071588d51bf30b19553dead3_zym.xml
252 f9642cc724e30167c4f8a4416c5168e6_zym.xml
253 86de5ae7b71092d5d8b8205ef7a1d0fb_zym.xml
254 9cc90f597c8b76b6c4b030e8e8b0c34e_zym.xml
255 625559525e42de0cce1eeaf63065da99_zym.xml
256 7e07d5084295fa29580b903fc91f08eb_zym.xml
257 315409b1f516ceebb8055c43edb51734_zym.xml
258 133857b4eec10864a14773d3471ff397_zym.xml
259 233d7231d0896d4ed40f197b1f9f5aea_zym.xml
260 daba2b2edc1b9e653b72e2378ed37632_zym.xml
261 427829a77bbddf4902bdf1e5044998f5_zym.xml
262 5fc24d6c9d6ba7231dbfd52f6386ada4_zym.xml
263 eebdc8c0ab2b73f337e301b00cc82339_zym.xml
264 04fc2cb5bc52cc59a4433221e325460d_zym.xml
265 ea9767e795f6cababd7e7cec9783815d_zym.xml
266 bd165f569824c3a00f484e2fb46a9822_zym.xml
267 87f367f2652474b2f9d31a90cf6f92bb_zym.xml
268 ef918ab931c7cb7cf9498a811c690236_zym.xml
269 4bdf860ded895d8c37e71aa5dff114cf_zym.xml
270 edcd4207adc3e880aa38108b65b4e1e1_zym.xml
271 d83b438ec63d6d8f2a289285c2b2bae7_zym.xml
272 b4836bc8325a0a2504338d521b2f26be_zym.xml
273 39311075fa4e821b2c4a5f29c01e16d4_zym.xml
274 7276a8f776236d646a2da93180e1f126_zym.xml
275 6c01607abe38063e7f97836e646f9443_zym.xml
276 8fbd2da407b9ca9b7f29c834a08da8cc_zym.xml
277 b58e5e2ca1430c59d88d3e3a1ddd359b_zym.xml
278 9533388fabab360acd375674012ef2b4_zym.xml
279 88b0e84306fe209e0f67fd9b746cb9f3_zym.xml
280 986d33e0bb2464117b38449928f1ea52_zym.xml
281 208e9857163e485772ba57435c00c457_zym.xml
282 855f92b7212339f02bab4f8bd47e12d6_zym.xml
283 611546186ed4d6dce8fde04a428cf761_zym.xml
284 e4582f0c37b76fe81466aecdbef870fe_zym.xml
285 95fdd7236f0a34e7b045da1ca88ea630_zym.xml
286 b8584d4f5808895029c77296d6639da8_zym.xml
287 7c22b244e453ae4037febe82578f7939_zym.xml
288 0f229cfdcee6064e6711275dd3eb42d9_zym.xml
289 5d7d3100a416b282dc78b99e0bdfdc36_zym.xml
290 d662975d24d8070aeaaa21644e86a005_zym.xml
291 c5c6dbff2ac690222ce1c6cc0f9d5272_zym.xml
292 4f24337eea45f3f9408400215512ed74_zym.xml
293 65b9b54bad36bac6d102e493b7f435fd_zym.xml
294 f975762519c64aab378ddb1238eb664b_zym.xml
295 b7f58eddede3c8daa532208357ce3ee8_zym.xml
296 a918c922a20340ee051369fdad854f5d_zym.xml
297 8aa2cf570e13f357e6a0bca10b8d9f06_zym.xml
298 eb257530357cdff0a5d0ab8ab504d93f_zym.xml
299 25fb070f676edbe9d050e725d1e1cb2b_zym.xml
300 6208e361d883cd95b5c31e9089af126e_zym.xml
301 dbcd5d893d985ce62ed8fdcbe018edc9_zym.xml
302 79522116cdf96d00f5771547048b81fa_zym.xml
303 f88118b129d046377c80fbfba6130e41_zym.xml
304 0c4965aed3cd4d7ae1fa2e45a9a3b519_zym.xml
305 9e58f6d3981630879e5918714125f20b_zym.xml
306 5a63b13049e72149c3e94654d68a7abf_zym.xml
307 9d456db570f067836d88da4bd5f5a504_zym.xml
308 6354c6533203fa41234e538c513d7059_zym.xml
309 d6c9cfc326a6b76a48979fb3b77063a7_zym.xml
310 e61a1cd9d914c8be3246702b64107c31_zym.xml
311 ad8dc76223c31a032271338b986cf058_zym.xml
312 7449e1c8e5c74dc20084eac4114744d7_zym.xml
313 d888d63bc81c6ee26a3975ebc813a045_zym.xml
314 e6072c689e055e39439a05bace3f61a5_zym.xml
315 eaa8a5aebc82fe156149fc81bfdb4542_zym.xml
316 7bbf23e66ea201a10d2f736bc0442a2b_zym.xml
317 553252e2bc61cdb45c666d18b2bed214_zym.xml
318 fd4e96550065481c79b2f51195f295d2_zym.xml
319 ecc8c7db9cda6f20f0dd4cf86ffefe2c_zym.xml
320 5525019da08d5a1cdaac047c99cb1c08_zym.xml
321 8ef0427482c052b41d01f960bb98ef82_zym.xml
322 cb5b5120dc86464168576c04e0faa382_zym.xml
323 0208a801ba5fa58a9ff97f0efe927c6e_zym.xml
324 1c5e355f92f84aa11c2bec676cc31edb_zym.xml
325 1f283cced87147cf2f831709567ee355_zym.xml
326 628ce7d3773b664aa68e3990284ef216_zym.xml
327 e57717ef5d54c1a9d024a6d61e58d064_zym.xml
328 de305b3e29cff725f8f4647374c40aa3_zym.xml
329 ff88385e72105dbcb5f2638c4911c499_zym.xml
330 9cd4ee8148954200609d0593b9356166_zym.xml
331 701dc3cac6c4b87902414e3cde53b62e_zym.xml
332 8c52fad51d9e9abf96ab62883856abb3_zym.xml
333 914a9f017280b9570418cd06f9869be2_zym.xml
334 f72b09009de48288bb1eac88f45d3624_zym.xml
335 0b1685708bdf8bf82f1ffce8705b109b_zym.xml
336 c9aed9b1dee5753472db094e00dba2ca_zym.xml
337 8c10f0fb0178d65935e3516c0366c38e_zym.xml
338 b1c70866140df8f56041992a378f3ec1_zym.xml
339 8efecd34653fb6e4143468033625d91d_zym.xml
340 ae83a31daf023aecc9b07ed6edda6530_zym.xml
341 91acb55dabe2bcbaa72b938e46a21d76_zym.xml
342 07d3f8a3a252bbc48fb8c73cdf288138_zym.xml
343 ddc196ee80feac37ee93233b88244e79_zym.xml
344 ef93e35fc26192fb9d7fee525e5471d4_zym.xml
345 bd666ff71574e3505be0459e6223d643_zym.xml
346 f92b3ad3f76afc1116c4204605f76647_zym.xml
347 2029a91a2344d1cce50514de0762cb15_zym.xml
348 f6ba731febbe715811a78b583def5b69_zym.xml
349 8ffc771a7f5b81f66f8575e374102fff_zym.xml
350 71853154f2397ab0c95a475dfbf40fe3_zym.xml
351 b4a14c86318ff5364e66cacec80da1eb_zym.xml
352 c5ea3624a8490878693eb66bbf6cd0fd_zym.xml
353 a3636c9f715509af93f02b79cb06e93a_zym.xml
354 b92afeb2882c392461a392286477a7ab_zym.xml
355 da8ebbb2d6ba748efb3b0ec337894969_zym.xml
356 f58cc641c4c03467669d3ec97fc97198_zym.xml
357 bec3210d3abec029ed76d6943a2b19f9_zym.xml
358 5a4487c5b12f478ddb696e8e7b91b8ab_zym.xml
359 0c903daa76f1cc8d461f7ae7daf90168_zym.xml
360 124bc95dc0c84724f972cae6da05cb62_zym.xml
361 6499ba87fc359c788925a0901d1d8b40_zym.xml
362 c39f5cc242f7e6f89915a3cd781d53a0_zym.xml
363 cbfc79e78a5dfa0006a8bbe31fab1064_zym.xml
364 cfd7249b14b8015977e4b2f2dd4eb775_zym.xml
365 af8bdcb957d776fdb327d9253062bae0_zym.xml
366 697394f6deac276404286613fab9615d_zym.xml
367 2f3dc2b913a7ba55737df5678a6bdba0_zym.xml
368 f0487ca1a3a8271534903e78c36b7ba0_zym.xml
369 03bca3324802d0002472ac893e44e2d7_zym.xml
370 28e4850dad41e594d059941017b06f94_zym.xml
371 b793ce4ed08ec91596b567a1645c8fe3_zym.xml
372 091c9bc31d393bc6a71211d87e1c230a_zym.xml
373 7694b11ae5c2a97366cc9c583f8f9a16_zym.xml
374 67169e04b8f80c3c15055a508cdce5c0_zym.xml
375 f36c874659798edb9091804864971acc_zym.xml
376 e537d94f94d03c71733691a2225c37c9_zym.xml
377 10a2df13892f8607cfebc60640b27cf3_zym.xml
378 8ccd6e7d066dc6325428b0b9373e270c_zym.xml
379 6f5d5bc5de1e0a8514cb22db0771e7fa_zym.xml
380 fe28b3491f2fc9ad448671c0c34df79b_zym.xml
381 a2b22f7aed94b0337060d28fce1a749c_zym.xml
382 9e680597cc0e6f61543a98af21c6a2cb_zym.xml
383 749a481312a0b2fdd7d75dbf0966e6c0_zym.xml
384 0dc14e730232166f9b4f3bbdba6ca48a_zym.xml
385 ee04a5ea138ea7c0ecf2e656d318e5df_zym.xml
386 f9b77de40d6845c1dbb0cee12d5ac666_zym.xml
387 397fd355de9bbf48099ba98de732bcfe_zym.xml
388 ed766d77221007a462054a58667f176b_zym.xml
389 ec3ddcc18ba64f363fa8c925ad303fcd_zym.xml
390 9ce91f5d38832c72ade9db28f55eb712_zym.xml
391 fe7ea24787166454800b945d75c8bdb4_zym.xml
392 492c43e3ccf906a1706e997822ac83d4_zym.xml
393 1021bec1e0600fc60e436087257a655a_zym.xml
394 a4f8d685fb87998b2db9dfdd0e23f6b6_zym.xml
395 b1fce93ef775ed94240798fcaf4880f2_zym.xml
396 026c2904e8f280b9ed26a8c92675f8e7_zym.xml
397 8fed3a87e77ddbaf8757e0bde0e87c3e_zym.xml
398 e09afe9e37b2f2932239502ad79a7539_zym.xml
399 72cdd25eb5d69cdfb07ad24cd8e6e083_zym.xml
400 bd41525a965b0655eb171c650e2f96c7_zym.xml
401 aa3777da6069900d5d9a3b1f08dd8554_zym.xml
402 599ee0d68d0c6ca20dc6db5649b7ea4d_zym.xml
403 df9c8decfc23bcc680525cbcfcd70a73_zym.xml
404 530099dd7961f5341f66d8cdcb89269b_zym.xml
405 fca28afb399ea7d7f2035e4daf4f77e0_zym.xml
406 4fa5b46895022796f9bce78ff005a749_zym.xml
407 9906f1ae0c51bc58212ccad3210573d4_zym.xml
408 dcf2922a3adc12a00516d8bbb9dcfe52_zym.xml
409 eefb43ab7fb103091f2a1ce37dadb38c_zym.xml
410 39cc949be6939ff3c2584a01337fb354_zym.xml
411 b8e43e7efc23a89302da401111e6d788_zym.xml
412 2283c81c89fb45e3ddfad638afcb1810_zym.xml
413 ee4b290ac3b056ad84d82d81b17df3cd_zym.xml
414 8d9385aff437bf1ba3990f6368b0227d_zym.xml
415 5537748ca16143250fc2add5bf928df5_zym.xml
416 628f5067e0954f279ce6e0ccc3bef30e_zym.xml
417 d20b4b9af4ea32cab635eb63ad1f6077_zym.xml
418 1cf4529de3c852cf03ec951c0b53280e_zym.xml
419 e5982c660b6aa31b4f32acda15f16dcd_zym.xml
420 c81bcfe6030c0c7c5a4a3532b2cf3794_zym.xml
421 0a063b87451800b173f9133e6d2799c4_zym.xml
422 e8070bf56d73246c79f1e6fce7ebeba7_zym.xml
423 33fa001f67e0f6dad4dbdcdcf1dae970_zym.xml
424 a5be3b4e2c3595832d5c5ecef08e48e8_zym.xml
425 768567236f38c0dc5172ae844157fa62_zym.xml
426 043dd2a59cf5880ca12467bbc8c9ccea_zym.xml
427 732c55c0629a016be567c5fe76d3cf96_zym.xml
428 a6c0eca82a6402824c2076ee33936ce5_zym.xml
429 3faf37c4e4bd8a974a6a97d695c504c6_zym.xml
430 91f83764ce2d9979d4159ccbd7e74dcd_zym.xml
431 d0496f5d5f64749010167d29a2465d77_zym.xml
432 b6941ebcd3935bd6fc3ee1e2304c0f59_zym.xml
433 41138d7ce066c8640c5978738f55c376_zym.xml
434 f8d5f89a6db00dc86beafd1836e846bf_zym.xml
435 522cbe0ad3cda6f96e53d58f14232527_zym.xml
436 bb4c59b204f73884d4df6d00d70642e5_zym.xml
437 9cd1fc061b8f692d2612fea0677ef8e2_zym.xml
438 ae0af42ea5d582a11a9c994a96a2002e_zym.xml
439 e09d6be942c64fde0ca0fa036d966e81_zym.xml
440 ba4072e72c36001c807bd94d51876210_zym.xml
441 38870e269f55e0ab6a87e8fedef4f919_zym.xml
442 235a124e33206fd9c07446e3bfa30272_zym.xml
443 95054a16bfe1a0ad303970c0523be90b_zym.xml
444 3e3cdc001c0e317bc0196671cbaf4cee_zym.xml
445 bf3f74f2bbd2e12f325dacd9991346d5_zym.xml
446 13a9a2187436816258ca39f375fff6f0_zym.xml
447 f08acee9697d8959ecade82d7d6ba09c_zym.xml
448 69440128781fc4007d24fa1f60d14ff2_zym.xml
449 77ff234d364e53a99d97f527bc8fecf0_zym.xml
450 24a07a4d2b60a8a4663733b880b062f6_zym.xml
451 87d7d5011101f4ff56244013bffde4e0_zym.xml
452 9c5f05929956a17cae03a985bb2ff94f_zym.xml
453 1d199b067a784935356aeae11e018ec5_zym.xml
454 0bbc95a84ce6166362a095062c14b3c2_zym.xml
455 8df09566c1a86773fa660a7d1befa42e_zym.xml
456 55eccdc5cbfaf388240c4914c97b7201_zym.xml
457 f88858a5a0c5cf64e15a5c0259f863bc_zym.xml
458 6bf0061111b2aa47d01a071d7fcf8376_zym.xml
459 3d76e9c24c5066634cff6521fbf485b2_zym.xml
460 447506e0c938d64efe4ef7cd7c7816eb_zym.xml
461 8d6b1c00807f7038ff322d57fa83b828_zym.xml
462 a5c517d81ec9c9504ceacc2cfa4b5945_zym.xml
463 256ba4f7e4dd5c40f6b13c6b327d2524_zym.xml
464 a74c82d019af1474f089a442dab3fed7_zym.xml
465 f471ab405bb11eef6cdd37aa0f66bd49_zym.xml
466 8d95416164ab44bf5c680571089c4541_zym.xml
467 fb07516870c66f4bde470afacd095fda_zym.xml
468 6049c035c2ff0c21d04801ec2061731e_zym.xml
469 e1c5f1069513a343835a1e21485e4ffa_zym.xml
470 4e1e7a895db566935b09b4333efa8da2_zym.xml
471 db5e90221899158f8077ab439daf4106_zym.xml
472 19444bb1acfe17822b22c6242d014b16_zym.xml
473 7f01d42e4697668cd29bba5dc5214689_zym.xml
474 80fddf1c4a37cabca7f8ab06cb8b7684_zym.xml
475 787bc5d183e31b9cb9c362a334d7b623_zym.xml
476 773dd653c7ba6ab219b6686e6278f782_zym.xml
477 3c7164260b10761a79f488c6a013c49d_zym.xml
478 a6ce1d3930837caebff30a5ee6719e8a_zym.xml
479 b6c67e170dde2a1c49c380965c62271e_zym.xml
480 2f9191e46f5c24e9e35ba69b657529f5_zym.xml
481 294b829f747b59346c87cf71a42b4a25_zym.xml
482 d0b7f0c6b30944979589c40bd25adc7c_zym.xml
483 8c498f870affb8c6151760af20ee95d3_zym.xml
484 ec7647dead2bbdc67018dfbe5387f264_zym.xml
485 2fcd6f99dd26cbbad69a673d6378d865_zym.xml
486 58b954395c775dd3a22428c0909de82b_zym.xml
487 a9d27bbd57251b2a9a72e04a9b9283b3_zym.xml
488 af99ade93f9e9c47a3396c62f6f2fb17_zym.xml
489 3d98adb528c65b693b20d2c2959ff8a0_zym.xml
490 ec04ebc42fbdc16fd394e1ba2b19581a_zym.xml
491 a14f14ae725e9312128c44b7986f2b61_zym.xml
492 f43667be503af2732509c59d93230e0f_zym.xml
493 e634891d81d849f88fa7aa8e0e3eeeb1_zym.xml
494 f27fbfae3072039b363f18007bd8ae0d_zym.xml
495 4ac16965c9a182a65f1f71c574c1c082_zym.xml
496 42e8e390bbc3494d4a0ca1f30169fc98_zym.xml
497 330fbee4024ce9afb7a99839aa8e3ee2_zym.xml
498 330fbee4024ce9afb7a99839aa8e3ee2_zym.xml
499 65f939a1313f9f77702ee4a7672f2e7a_zym.xml
500 16dfc4d1f198f5a6b5bd7094c822b484_zym.xml
501 15fda129efc5eb55488c8628d704ef58_zym.xml
502 2b147e3e66759250fa6c6a0074adfb96_zym.xml
503 efa5986beae190da893c945cb20e0adb_zym.xml
504 a9e05e857dbb51a900e8a089ab52fab4_zym.xml
505 a820444eafd18ace0018290d15eb60b0_zym.xml
506 cb2f4ff5838446ca6d5aada623d7533a_zym.xml
507 cbc88b6c80aa163a4dff7750b3796310_zym.xml
508 34d6c65007883dde47e2f06b57c11f11_zym.xml
509 0ddab093bff53a49d411eb22f9bce9c3_zym.xml
510 11c177b01e24f0fc0c42752cffb4538d_zym.xml
511 e82ccb741b1b66691fdf2ef254a7e925_zym.xml
512 9f9b348e4370a7f6e28bc84b9b7a5653_zym.xml
513 00bc94a6e83c6a7bb6ca1f61888f73c4_zym.xml
514 828825a31a37b5d193c5b2b4fe338482_zym.xml
515 ec4fdac14fda800294d3d46c06350c65_zym.xml
516 81fbde125c2aead2735689aff09e9691_zym.xml
517 ccae8acc6c1926b0fcd094d011a7df57_zym.xml
518 7dbafa36748941f173b5e64c2757ab35_zym.xml
519 86afa1ef2103f5188e75ee266e474f6d_zym.xml
520 573acc5d2c3db55615e5242f6bcf81c0_zym.xml
521 6bd60b2eb60ec1d38a445e117fc96dbf_zym.xml
522 fad1c996eac7c2c4b405873b4348db77_zym.xml
523 349643b874e1de57e38ed615d63a82b2_zym.xml
524 1eb9c2c7976874d52ed9840f812498c0_zym.xml
525 4c77abc94864872858b0ef0d69732a75_zym.xml
526 534991eb3a7c6ecff69615b6212a4074_zym.xml
527 76dac177b2454d1ae7785a2031bb061f_zym.xml
528 b83f3d7cd6ba327e56f362b3231b20af_zym.xml
529 e66e24565d923d0ba8dd0547f28e7a2b_zym.xml
530 997232e873dab1d8420ed899245e9954_zym.xml
531 c9cbe1380b894407e38f8fb5d82cd258_zym.xml
532 7187da1379634d1bdd58bef70dadd93e_zym.xml
533 6adefacb3cf186763424031115c63c60_zym.xml
534 47017a1f34e360d77f6d578e73035173_zym.xml
535 f5a6e88e8b758d4161acb9d1f9c401e4_zym.xml
536 3447c04d4988d0abfef0d6577087ee17_zym.xml
537 28187f5ceb01f0fdf60e873520fc60ed_zym.xml
538 08d08b729ddadb1aa56ec164190ca205_zym.xml
539 df5b7bcd76927943757c32e5e997f7f3_zym.xml
540 ba10ad9bfa65b5bb5d2e98406a3a9008_zym.xml
541 01abfe5127ca56e228b5c296f08aed8d_zym.xml
542 052752e0a46a25e9789514e1e5d549d4_zym.xml
543 bfc6691fd699488a4bf2c334276fd825_zym.xml
544 9b3f7e960814f6be20c50db46ecea9f4_zym.xml
545 cba8c36fec0776cd9394c0e097f4e2d0_zym.xml
546 729d4865e77df8bcec6c264e62ae2b58_zym.xml
547 a59f715d16a89c1402430a9e69400350_zym.xml
548 12a2c7c4602ac9532f9674a8f891fd29_zym.xml
549 149ad00ed10408742b8cefc3901d765b_zym.xml
550 29b762073815d07d9f5ac8f7e62b4842_zym.xml
551 e2fffeb3f1e20979b201418f4ab85e68_zym.xml
552 fa1156a3c9a46f82584c61030f601178_zym.xml
553 e6b7fca86f0fcb4c3ae8386f82809181_zym.xml
554 0a5ed639ff1d13f35fcdf3fed6f708b6_zym.xml
555 554e61c8410b7f5f1fdc839431e8e5db_zym.xml
556 400710a4b752d7c871e6d73f12be5150_zym.xml
557 5cd092f2a4483b411ac98c9284b144ea_zym.xml
558 064dd810d98eb520f3fd42eab67234bb_zym.xml
559 caf64f090609752e9c0bb21f8439926e_zym.xml
560 eb5996282e9a1e637225e9ea50e92b81_zym.xml
561 80da87a7b337a082e122449021c4164a_zym.xml
562 9701050a771018d84362e4562899edcf_zym.xml
563 63a811c514492aaa5438195a0450a5b7_zym.xml
564 b62eb87bd388c53069645e9950543ac7_zym.xml
565 e0db1e9f10615510c566d4c19717f63d_zym.xml
566 00e9b45a8c53eb7353213770d78b2e90_zym.xml
567 0f97282b05878ad6e83109eaafe22af8_zym.xml
568 001f866af5a5fca45c9cc7b0ee439ec6_zym.xml
569 4f892692591dc9c68e822e6603481e43_zym.xml
570 1762f342abafe01a7880901f4ec076ab_zym.xml
571 61a086899a9208d6df896c3ce40be534_zym.xml
572 184c213ac8baba4fd7b765af1f8977c7_zym.xml
573 d05631a3ab6628f68f62609b1bb0babf_zym.xml
574 3721afe1f89ce148d8b75dfb033d0954_zym.xml
575 d1df36cd8a4e9e6637e3fa40456e0909_zym.xml
576 1a36086bafce434540bb2e003b581a1b_zym.xml
577 8d6615c17278a31332e64578d9496b34_zym.xml
578 78f2e85b1f7ac55ff80d0df719ca5083_zym.xml
579 21c1216b0ad8add13105467e2bfdeced_zym.xml
580 2c1af47750c3cb41ac573d52e88e39ef_zym.xml
581 0a297116ca498f4fc90026bf4f708b8c_zym.xml
582 f4ebe4e7c41af416fc01c7cb77cd4e71_zym.xml
583 0fd3b3e64930ef37936b6606945028e4_zym.xml
584 ea4b22a6e66c230aaa1c04d470d22405_zym.xml
585 325472878c8e181d5760407028d4cac3_zym.xml
586 01000eb692eab63c6f53e6b0552b3997_zym.xml
587 22e208ee56c0e91a9ef9faa861a906b5_zym.xml
588 d8b535575de1269ff2952cd745d34c5b_zym.xml
589 5b2288f926e777cbf338bcd76d3a751c_zym.xml
590 6bb97b16aa82383e443b4f95c02e3867_zym.xml
591 4b588f9c49d87adda8983faae21d66df_zym.xml
592 f707de591f20bb699ced2c4313631e4f_zym.xml
593 c8e2adba1572b17e8ea4d12819b55b07_zym.xml
594 c501c98444d739362d789b1a5db9328c_zym.xml
595 d9a25787b4b0eb726eea8f8b38465731_zym.xml
596 5f6399dccbe5b48e7caf956d0d659525_zym.xml
597 fffbc65cff7705cc5bca00328d92c004_zym.xml
598 7834c34f023ee64e079f55b31c9c24f5_zym.xml
599 4045f29dcb73a275c555ee92d8dad92c_zym.xml
600 80d9a9265dba2a8a7c67860b66e8b6b4_zym.xml
601 e1ea6ee0b96bb573eca8bffd231ec34a_zym.xml
602 c19777d1aba3d4aafeb7024746ecc267_zym.xml
603 500cded895a00afeeecdb339d00ea016_zym.xml
604 818d106df0a7c776064d8a36bfa714f7_zym.xml
605 eea8fa084f294d140b77feb29de866ba_zym.xml
606 bd303231dfa6a712d27e71ddf7442e60_zym.xml
607 af1fdee7124df43646d574bb1b1c1894_zym.xml
608 6b46a41a8bdb81b7246aabf3b64001b5_zym.xml
609 9e32202fa2e1c57df8860be4f675562d_zym.xml
610 ccaaf241df89164059c93de27e357a12_zym.xml
611 123097a85681e903385665af9cb2d8ff_zym.xml
612 15f5dd80bbf497c75ab2a689d7ca5078_zym.xml
613 15432fc6af33d8f8de08f2a3bf3f206e_zym.xml
614 6cf0790e886ac3d165315b370563baa5_zym.xml
615 348da37d2abf000e5706b9d06e5ffc4a_zym.xml
616 338e41d77153d09a8ccf7c41d655b155_zym.xml
617 a009bbe9d3eead239b8a3ebf22e32d89_zym.xml
618 31ece2cd87005b81390dd735d8c221c5_zym.xml
619 1d9429d8fd2d84b531cd16d8e698ff99_zym.xml
620 5c53ce8006eba0ef10f6ca60c0500822_zym.xml
621 8977f6de355853ee960296406efe001c_zym.xml
622 a4196df60ad9d3b5e9823054f34c5d3a_zym.xml
623 6d995b0b66331380cabe789a8511e121_zym.xml
624 80ecb9000c26d2bc14162220eb660a41_zym.xml
625 8e983d59339c015f4bf04a5b1b124aea_zym.xml
626 32d0f461fd7e7724591760208da41adb_zym.xml
627 f510cc4fe55c870c435ae57df7bd79dc_zym.xml
628 f553b15dcbd1b793c8e2a3f43ff8b597_zym.xml
629 e20d0552fcbc6fe3d6c9bbbf2246d1c2_zym.xml
630 fdf939b0f56b1810ba0414cd3e909831_zym.xml
631 ed62689e7fa5e3e5104f197fc2947c77_zym.xml
632 41a2442154f599b68b0f9c66dbab5f28_zym.xml
633 0bdbb0b5656cc4bce540c773e698e2f7_zym.xml
634 156e8fd102c92e5a04aa948c4917b747_zym.xml
635 0bca1341f01365bdf6b4eebd4be88d23_zym.xml
636 9f34c0d02b585fd100ec7fe936981754_zym.xml
637 16400f4758c883103089c5537ab3cd62_zym.xml
638 bbade3a9a53d27a9fd6da6c02db00584_zym.xml
639 8afe01ad7a3d1eafe0d456d6b7e11ef3_zym.xml
640 8ba87d7253fb8f0117f8ab6d282124f1_zym.xml
641 c424516b4d5e2a1b1db6d6d3eae844dd_zym.xml
642 9e9003b9c94c661799d90a63ee3d9030_zym.xml
643 481b1f108893c9f7d6135f36729c8806_zym.xml
644 65b42abe0ed718558d2a55c8cced8d63_zym.xml
645 ceb31815dd24deba02fa23ea11b4ced1_zym.xml
646 c68df84a2c5196f02ac88eb98f43b119_zym.xml
647 b6bf9e843777fc00048785d5babce87e_zym.xml
648 004383c294000b651fb8659758e83ec9_zym.xml
649 4f8928437bb97a409f0b835b3dab23bf_zym.xml
650 f4c0eaa5b2d168ddcf7e657b3d04df2a_zym.xml
651 b6a6607086f623dd35a0ed1090aba2b4_zym.xml
652 0345d87d278ed605803124010cd73cd5_zym.xml
653 ed155979ee6f796884898fc40230bf2b_zym.xml
654 5418145a5cda6bfb699b4be7404820ac_zym.xml
655 289ab371216c635e624320aadeb803c0_zym.xml
656 bd18ce6cf4095236587158f8e579ac68_zym.xml
657 59200fed5dc1a1db8c557735386b46a6_zym.xml
658 5100edd4638dceee97e9137f929b9137_zym.xml
659 a20f2d5f7b8fda753ab6940eb9644b6a_zym.xml
660 1e67c2371ba0a9cba7cb2471ba6fd70a_zym.xml
661 d8144d0d3aa72585ca8dc556159d9be2_zym.xml
662 dfbf8fd49bae565d3884cbbb19963a67_zym.xml
663 d52f52b895f03a214a3a077acd253066_zym.xml
664 448844055ea5241ba03e5f0d64b9b426_zym.xml
665 1ef358037e301a89852f51cd1bef679a_zym.xml
666 3675e6a62c348c1373bac6fe7e8faa42_zym.xml
667 c1acd21d78337afba7aff9c33faa14d9_zym.xml
668 758f85dfe094ed519a787de9449a55ae_zym.xml
669 d8f3101268770af0e2ae2ee7f595daea_zym.xml
670 a8e5bb147ff09a4632886a96a2ccac1b_zym.xml
671 eca65f404729c4da356b2ec36ab14b25_zym.xml
672 e00146591f2c03c61dfad23ce2e77362_zym.xml
673 121ec194690a0b1deef533a9d68e987e_zym.xml
674 36472e152c9b765640ad6166ba49b7d8_zym.xml
675 fa69f2acc2375f1ba58fa3e8a684ebf0_zym.xml
676 7b5bb241e8fd1402dded332bb85c8cb5_zym.xml
677 71c01211bfbac7111b0124d6177058c3_zym.xml
678 169184d42e74269a73dd0ec995213f3c_zym.xml
679 4d6252e4e3b897fdb5c807cb645077ef_zym.xml
680 db1b2be8084486f1148b7832d9ff2e70_zym.xml
681 4341186e72ec35aa6eca9caab24ddf1e_zym.xml
682 a1b60ab37e0d085276dc0da04e3442e6_zym.xml
683 230e94828ace607aac7eb3a734afce7a_zym.xml
684 d21bf3f9d7a31933f6eefb73799a5d67_zym.xml
685 8c5cc0fdae1f1087d70c03ae29e5acb9_zym.xml
686 995331f5bd3a0d9bb6133774253ca447_zym.xml
687 abed358f7eab23c858d442727c85e0ae_zym.xml
688 d57bca7b51fcca2f28f7ef77077d5ed6_zym.xml
689 b5afe4c28bf15c54aedecddd058cfe02_zym.xml
690 3af61c4b0da6039ce55e350fb04cf24c_zym.xml
691 44553d6855c58fa2542e72882aabc4c2_zym.xml
692 fca4a09c32ae35f0a2bfe5e86a55afff_zym.xml
693 c587976ee9101ce0c3b95f1c98269fb8_zym.xml
694 00f65fc52cf6801646336e91d0073dbe_zym.xml
695 d6b4420ba6c5bf898ec55fa5241bd7ec_zym.xml
696 ab34956c7003d07e614c7dc90b1accee_zym.xml
697 268dbff3927505c91c98a9b23b6b1bd0_zym.xml
698 09a0e78cdc722c229e4527506463f8f2_zym.xml
699 3afb29b11099727a8944b8f8722fe90e_zym.xml
700 596494eeee4b24de243bd5f0e099f70b_zym.xml
701 ff166e6e5c383efec5c31e68bd2b9a6a_zym.xml
702 24337585a6e5c381d222b4e3ac673cea_zym.xml
703 83b11d32d70059a909ba19724dfb3781_zym.xml
704 e7c9dbb81b75cdf2ea6cfd4cc5bd6bdb_zym.xml
705 0475b8ce30bc83e61246407e2ed99582_zym.xml
706 9398a45e395f8dd6f06e945fae35c3ad_zym.xml
707 6104091b4834e161b24b6d31db04ba78_zym.xml
708 6d0c9b66a2cc60171d39f83e0c56e540_zym.xml
709 cf5d95ed6f3e975131a11a8c6180d26e_zym.xml
710 d253ae0d4abdc5defbf6cb15bafde613_zym.xml
711 5820f63a78a03ce793dcacf66a3258f1_zym.xml
712 78435cc2f0333f6d8cc1bfef1b43c027_zym.xml
713 7746138685f3cd125b3ec80c1df50162_zym.xml
714 5dd5a64c4e3b79fa13a003f1ee187579_zym.xml
715 0af6e4acd1cddf76c5378d20e3bfcb9f_zym.xml
716 68895d15ff925a16f450e189d6c59851_zym.xml
717 4051c68d078903f3cf71cce3d8888fd5_zym.xml
718 3ecb34a5f89c8f6e82e81f02526037a1_zym.xml
719 f96c57d340f61c92a08d30282c8e4f2e_zym.xml
720 0451e7b613982eac0e948c7e64bea5b5_zym.xml
721 b404f72c8c3adb4dd997acad5ad07370_zym.xml
722 2a5e628be45f6351f786f40ab06919e4_zym.xml
723 1d87027695dda28f8d329f80f563adcf_zym.xml
724 115e805e31e8e6a13dc2af2cf26a678f_zym.xml
725 4f95b3e7501d4f095fa2dff571fc45a4_zym.xml
726 f0b67ac12ed68f09c05c618d71dd992d_zym.xml
727 dcd95dac6ffef3b990539fb12d82694d_zym.xml
728 bc49dc4e4cbe666a6a807edfb0a33a08_zym.xml
729 36c9b56f1f49df77bb27844d6a03f70f_zym.xml
730 b74357c2252b9e4ebd21c4e56dcac85c_zym.xml
731 a38f56db94770c81c497dd5c29409215_zym.xml
732 635fc84642991ba1333cf319f02e9156_zym.xml
733 c9c2d72fb406ef575d4f712f731a8a30_zym.xml
734 892c8b74f7c6b11ef0848bee60dc76cc_zym.xml
735 8000b5e9b2b7439ba36959df05cae5a3_zym.xml
736 0a0ac43e05c1187304913cd710bbd494_zym.xml
737 d299ec03535f3b2329909266b91d9d2a_zym.xml
738 07502844b25f027149fc76e84a4eb7b5_zym.xml
739 4814cfc55672924663ab7217fc7753e8_zym.xml
740 e7f30c838991d3f30a13deb0017a4ec2_zym.xml
741 bd7c66473492ad4c7ceee883f5c52c56_zym.xml
742 7981ccce32ba6f9cbb0eed2162d3134e_zym.xml
743 1bf82ed4ff33c053a65d74669954be59_zym.xml
744 7252268815238a3ce35db18e41802970_zym.xml
745 221e1913a7a7f1c42dcbc72c4d88328c_zym.xml
746 5d8a9c01c4f9206f4e8b109875208b6e_zym.xml
747 b8e09126e2911a9ec0b461a96aad7552_zym.xml
748 36d74c0c96663b96565dd05d3f388701_zym.xml
749 6765ae29a3aa7b762165e2c9110c7c3d_zym.xml
750 a94472f83250122c231ce15b42fdc380_zym.xml
751 6c5f3ef2b5ffa2452d12e51968ab3685_zym.xml
752 0e837b9e19c3453af8f4dec1c5b1bae6_zym.xml
753 87cb9079bea370fc3f72e816bc1760ae_zym.xml
754 2f0cd619390261a671e88c28f5f9fc6a_zym.xml
755 bb757ebc3b1af4a9b1ca685122211d11_zym.xml
756 b8d2ec6d41e36ed77004ba2ec9f97c58_zym.xml
757 d30526fb9b48235b3ca0f8786f22127a_zym.xml
758 e178f2aff1a126ae5c8ea6f93a488940_zym.xml
759 77e89911aa0979716a349b2d5b96e2db_zym.xml
760 6ea1962e32398ae6dfe39daa3ee52b7e_zym.xml
761 712422ddf6bd22212276a0a240315fd0_zym.xml
762 2315aea108e70069931e8e49efb573ab_zym.xml
763 d80f9d497ac99d020129f1134cd169ae_zym.xml
764 c9bc57053707c6a763689989c94eb1ff_zym.xml
765 c2f3ce4e46c24c27cfdaaca1825cb3bb_zym.xml
766 2a571389ea702c1e7dddde695a697728_zym.xml
767 02dd9d6fa55c9d5aac64e001ab72dcd2_zym.xml
768 f3db4d34ea8490bf93603ba2dec09f34_zym.xml
769 1c906b7bad355a7ae9a1dba9188a5b2f_zym.xml
770 2cf16f67492c800f603f4889c941a9d2_zym.xml
771 fe7f5e50999b2acf3e86f288aee2b3e9_zym.xml
772 825df3c6e2d57328cfbdca58d1c718e0_zym.xml
773 407ff4ce6eaf3b9161c55825092e365d_zym.xml
774 8d3fe0a17c95acf1acf27c4607959512_zym.xml
775 a2bd22d750d873a77ed40ccc68ccffd8_zym.xml
776 3c2e477337d0c2e35e907797b32079d6_zym.xml
777 644037af75ca27cfe3d97ab7f6396a60_zym.xml
778 cc1d30b6c8e1f3c3c6b41b049791c96b_zym.xml
779 c09bd316e2c6c5cd62d41dcdaef0b0a6_zym.xml
780 bed3c54aedf3d5b1c83971302a1c50ce_zym.xml
781 4ff66d2a0791572cf352775d6879bd75_zym.xml
782 423509ea9a66cfa084d51d5a0c097eb5_zym.xml
783 a6dded3819e3ccbad1e2665817c4a65e_zym.xml
784 70f67c9f015def105bdf3fa8f81bb33f_zym.xml
785 c8c8e6bafd8451fc1f88b7b3121e9dfa_zym.xml
786 7c3e8061d129bac5047c54bdf70c6536_zym.xml
787 efbe609d2e3f9a59464f28f95f68491c_zym.xml
788 fb0b32aeafac4591c7ae6d5e58308344_zym.xml
789 55a64eccbceb66b7e1ce5e6f142ea12a_zym.xml
790 be23d3107fd67553e2510edb1d63e940_zym.xml
791 fac72f0c7e146858b5bb74a42813442a_zym.xml
792 7fb0fdc85e669fc0604247e0217bcf8a_zym.xml
793 59da71755dd906ae4da132c34c99cc94_zym.xml
794 e4ad546e7eecb929f87b3c8ac6bce3f9_zym.xml
795 5ba5865575aaa28b08d6079f0eb8f562_zym.xml
796 ea095739ff3991e56e00a7c24bd3c466_zym.xml
797 bca68a0959e2b33a837283badc04c9e6_zym.xml
798 188e9617818df917532484223f53f099_zym.xml
799 c8b282d7ec8b861fb8d9e1202de19150_zym.xml
800 afd3b46393fb138f1d63afe00c327a0f_zym.xml
801 ac874f4485b0119acec01bde732d8ad0_zym.xml
802 3be753d4a77dfd7a656a0de3a02ab7fd_zym.xml
803 ec8e180745a6cad4db8116fbbc907ffd_zym.xml
804 449b649a08169894f6aa877bd6cdbbaa_zym.xml
805 764e84c429a584ae845ea4fc799d28b5_zym.xml
806 8bb343776316fd01e2c8ccd5c54667be_zym.xml
807 64d81a21e6ea483a7ae441ffe4619f24_zym.xml
808 2cd0151b158cbbf32b909b364037ccfd_zym.xml
809 6386c27be6634f1331975d0cadf27630_zym.xml
810 9631e14c59ec8880a4d13867f4a07f93_zym.xml
811 d72cba9ffa8db8862c850f345fcbea85_zym.xml
812 7a01cf5427bceea1f53615bfa3ff6937_zym.xml
813 48b3b98bd83ac734b549ae9c464a4d0f_zym.xml
814 c3fdd3a96dd20c769a60aa158005893e_zym.xml
815 86224283bb8fb4025c8899e66381751d_zym.xml
816 cbb65703540c43cfffbd3ce126f0e72e_zym.xml
817 93ba1cc55b0f529e09e5254dc23a8910_zym.xml
818 492d932de91ec10cc9b87465dcf00760_zym.xml
819 f48aa031b296a4dc5762b37590a9ae0c_zym.xml
820 81e6b52d6b918751088574ed0082f2ca_zym.xml
821 3b76f5a83fe627c7006bcfd746df07af_zym.xml
822 c840d9e2c1fd0b82231b873642a925d5_zym.xml
823 f4b3dbc1bcc014f309a1b518257a4c75_zym.xml
824 643f5992ccc273d56185845c903dbeea_zym.xml
825 e477008a4938640e8ba2571176199e4c_zym.xml
826 7c7acb86c1b66bcab959eee8334f40dd_zym.xml
827 413ca3a4c84d563c5aa0eb1240aad1a2_zym.xml
828 a6f3db0783af85b0e04ae428a735c1ab_zym.xml
829 2f1a912808b636c2145581fad16c3d59_zym.xml
830 9b72a5047d21f99d4d0fd4bc669c2d82_zym.xml
831 8e075b4e231aa8503a2c0433524786f8_zym.xml
832 6fb27ce9be342057a097c784875ae0ab_zym.xml
833 c705dbcf57fd1cbe348ebe6b74a0a503_zym.xml
834 533f8c925c2fb750b27757e285bac481_zym.xml
835 90489aae02af15b953cf2390b5201648_zym.xml
836 a213e7a7158ff95fd62c228bcb959e56_zym.xml
837 32fc52afc4f59fef46254dcc1c77923f_zym.xml
838 46ad0e920762f3ca49ef561817d50dd6_zym.xml
839 aa11b85a0bf8f9adc955bec46d647251_zym.xml
840 e81de3e682ad53bc43a34940b8546d88_zym.xml
841 feb97ca71c3444b6c9eb534cab9e132c_zym.xml
842 3c438cb4673874391425bdf66a3f7114_zym.xml
843 8263f62a2b8e6a41cf1a3a5da73a5ad4_zym.xml
844 4f275e33ca6918b5e2cd17cebbeb7b81_zym.xml
845 ed178ce34afc136c5d41dbd4e3df8c8f_zym.xml
846 2e929a5130728201431d34dc4d4ba574_zym.xml
847 1fb4d76fc170ad67824b7688596590e1_zym.xml
848 f3b6e4be7ac4d010f856244225cc7f01_zym.xml
849 e7d6663a9cca99dfd499350462ee20b4_zym.xml
850 35695c955c51f0bb39482ce5477047c7_zym.xml
851 9343853cb958aaef4b51ac21f1fa22a9_zym.xml
852 083241c67b1a1d258c5c4c724481d9c5_zym.xml
853 5d8f7dd402b469a84b258e172b7f84e9_zym.xml
854 9d298fe79fb3a1be72dc88d9e89e352d_zym.xml
855 1ce3e9bf1686a28451b10a2f3f6e54e7_zym.xml
856 419bf7201355912c66a9b8e3d4c34051_zym.xml
857 15ac338ecffc538897fe213e7b60e80c_zym.xml
858 8a2adbcf5cb560a57ac0b53ae59e04de_zym.xml
859 8dc4ef2f759ff068ac95d23e3ce8023a_zym.xml
860 5fe1ebc466f067b255bf34680a293b52_zym.xml
861 ce9caa90807db90226f1041ec6753b0e_zym.xml
862 6aacf674a873cefa3eeb69b14cbb10e9_zym.xml
863 68f8ae456e9098cd0d63eae4f1a5c535_zym.xml
864 e88c63a5c7b6fa8e5055ad185755a8dc_zym.xml
865 f0fde62a76ee240319ab121a5857c069_zym.xml
866 1589d10a46270c51877e9350ba802938_zym.xml
867 dad2cb66eb206530422f4d819f918f89_zym.xml
868 97ea4649cc9e9365451e526a9ad44ffc_zym.xml
869 4b42593f9e32df19fff965ffcc2afef8_zym.xml
870 7aa0e35b6e70db8f571b3e7184bb5488_zym.xml
871 77964e786b976008655b4ff13fdfbef4_zym.xml
872 0c0165cf8adb178b17008380ee9266c2_zym.xml
873 9a56020e1e506088967da95e08194dff_zym.xml
874 39a824ae4dfe9077e4f5ab6c4d37b5db_zym.xml
875 ffe6a54cb55d8137d0962504bdc59eb1_zym.xml
876 d6fa053b3657acfb51bffed24fc463e7_zym.xml
877 377b84a44d2e09389afce02a965c4b6b_zym.xml
878 79d243284c84c9b429a5dcef53b4a630_zym.xml
879 b935c1c435a6f0301b478ff57afba3e5_zym.xml
880 b207f4dfba32edee99f7e7667b875a64_zym.xml
881 10998913501d61a028ea99eba4d8bdac_zym.xml
882 bff670b309c06481c2151f3d61414681_zym.xml
883 e93053d7756c3b20c5007347ffbef2cf_zym.xml
884 6d8c3fab5249826487aa9c46d1216d90_zym.xml
885 14005249dc852e3ea4ffeb492f2d28d9_zym.xml
886 390783c37381799f490c4979f691655c_zym.xml
887 986cb214746cac3098fae73f2866aa6a_zym.xml
888 e5f79a91cbbf4ed7710c9484ec34aac7_zym.xml
889 c3f513f079d13cdd8779372cf3c79996_zym.xml
890 77f67f2c5d099397ef1d72b3acbaf776_zym.xml
891 45bd54e6bd9f48327b39a6c08eb9d529_zym.xml
892 a50802e55f23a850370b47d625336364_zym.xml
893 ee7fe43a7697cd8e23e7a34bfdc6297d_zym.xml
894 16cfcdb21a04a66566fb5addaa87cafd_zym.xml
895 366cbc8fb6efc80593149c1bf2c2f08e_zym.xml
896 0d0d8647b69ffc5ae5ddf3fa96f3173f_zym.xml
897 9728a4c86cfea37bba7085d655c2d4dc_zym.xml
898 f082ad5232cb880ff4401b036608d533_zym.xml
899 6387a9e390d7b23ae2dfdb0a73f4b510_zym.xml
900 89d7c394e6dcdf87a91c75ac3b2ccbe8_zym.xml
901 bba18083757c6569909476ef6520c395_zym.xml
902 8b20ada2c3ae3d877e8847f76e5491b1_zym.xml
903 adcead37977b095e1c442d679ba09bb7_zym.xml
904 375a9e08af091a7da23c54cd4a578d9e_zym.xml
905 b113f3af30db049bf997eaa54061eb1c_zym.xml
906 cff672147f4bc259b6afe39ef019eca5_zym.xml
907 49b7c95f0594be5f9f040d0806ea3ae6_zym.xml
908 c31a06f21b9f2fabff7f540f7caea43e_zym.xml
909 6c9ea217b0858ec69d0ce00a99819b70_zym.xml
910 a6f959544dfd135debecb0720aa358c9_zym.xml
911 f7cb9c5ca22fc7d7685f1b1a4371d792_zym.xml
912 334a9fc140e435282e4968957734de5d_zym.xml
913 509728374f0cb29f75f4eafbdafe8539_zym.xml
914 550a28f3a8c5e3eab675d77bb54fabd2_zym.xml
915 dbd630c150e27b67c57b1f3573ca678b_zym.xml
916 068753a849ebdbf3c778044c35d4495b_zym.xml
917 d73ae6940006e4aee6ee8d78aaf2e18a_zym.xml
918 29ddafc85a03d011a8c64b6846beb3e1_zym.xml
919 09f9c89a6bcf268f98a24820c47c85aa_zym.xml
920 773b0ba9ca28ebade8083f10ec810890_zym.xml
921 2bd296fa4ea1d9a68de18ded77649983_zym.xml
922 70773c44c001d94f7a66e67f38cf8a05_zym.xml
923 8d74ddd439fe4b94830da1d235201f0f_zym.xml
924 10e4618ae97beec238156f1b1d02f3f2_zym.xml
925 07ebe52e003a85dd9ded46da9dae126d_zym.xml
926 840c578ce933c4bfeb0db075a31ca95a_zym.xml
927 62853c6a6b09eb7de70504be56489de7_zym.xml
928 6b06f657e7e3b1395f940fa01dd20cfd_zym.xml
929 864bb97f03edcff57e4c5de9670ebdd3_zym.xml
930 53171ed34517e38a2a7ae536f349f94c_zym.xml
931 ab6620c39e13ff9b329ebe1a7758e62f_zym.xml
932 5292a42582e70bda4b6e722e1468e873_zym.xml
933 a34fdd1d49211c7851e86b77445a2ff1_zym.xml
934 357f5660e94a699cd0d630cbe573503c_zym.xml
935 c1b83d7141438976ea21a48f605ffd50_zym.xml
936 64bdf2d08d4ba0bfb7e4ec9ed9ab461c_zym.xml
937 94d430c97f129352b6211310ce9bcd7e_zym.xml
938 0644682e31bd8aa0fef300c985e717b3_zym.xml
939 56ffb0a30442fadf52b7777587418284_zym.xml
940 9b1c1ea1e8c434b2836437d0b08eb8db_zym.xml
941 c557609e34089331c1a3242e3ea538be_zym.xml
942 1b1d24b1ea29b93d78ef257bab920802_zym.xml
943 4e095d288876139ce0c5a7b8541d9be2_zym.xml
944 107dbdf6faead2c469a3297fdef36d28_zym.xml
945 af8e0cb4a7c7d241328e387ec5237109_zym.xml
946 f6103bd0cb83fc0f4afded5782f329fe_zym.xml
947 74457ee55cb16e40e6af52d4ae7661f1_zym.xml
948 ae30b5c0a8caa6fd72d0f364ea939c6d_zym.xml
949 e46bf55fb3f14772b9057e6b373bb317_zym.xml
950 9167e714b697cb842d2c48aab04bc902_zym.xml
951 d7e2ef9fa54f3457a4bc923d710749b7_zym.xml
952 da52e41105a017decdb3eeed92c34dca_zym.xml
953 cb0a319a8315f2e0b017ae42f2bc17e0_zym.xml
954 2091af29fe38984fa53768c0adde4695_zym.xml
955 7317a3aa9deb83f32fabed11f34bef8c_zym.xml
956 2eba0b004eed4a6d955bdeea94f50954_zym.xml
957 b3ed6ab8cd3a9fa797895a9c29e7da05_zym.xml
958 0fc1a97d861a9a070d7e6a99b194ecc1_zym.xml
959 fe1390a29c4b8d708d8cd80dc87150d2_zym.xml
960 5445ad72cf8c07a7c14b9fb9b4aba9d7_zym.xml
961 8140efcd2b2062e7e763b120d4e54644_zym.xml
962 a10c143878cae84742776d7cddf04f48_zym.xml
963 084d9e308175f2bae4e18b1428ff7b5f_zym.xml
964 eb8068e7e8692503e9d1419a05fc9451_zym.xml
965 f290c5d8a4430123b88d195ab83b4308_zym.xml
966 58389144f8709be88453ec45dcec20fc_zym.xml
967 52dcdf73e18c5d10e81e3659eacbf50b_zym.xml
968 5bc712e3724dc907182065bc7c3cbd41_zym.xml
969 32a8329aa1f1f35e5455eec14b032afd_zym.xml
970 14b172dcbd9631a4434b67113f8bbc22_zym.xml
971 01925f3aad3fe3015bba620c482a6f3a_zym.xml
972 05ecf4fd2e252a73db9bd64c363db982_zym.xml
973 376f40a75ce06e4e7c9a414cbd03566a_zym.xml
974 e02644a5e8a191a78cc94ccdcd29c25d_zym.xml
975 fcfeb02f927482cc9f529fa02d587625_zym.xml
976 3cbd5923fdd57b8bbad2a78182bdc0fb_zym.xml
977 7da90a380753679c2d6b615585ce71ef_zym.xml
978 969cd8d7c1f5aa9b09e810ba72ad0c4c_zym.xml
979 88ab18577983b8a8e06223136dde8764_zym.xml
980 d5e156a164625141aee0085a8ca4f2c0_zym.xml
981 133f9dfa8dd316359a5b2a89ca4991cf_zym.xml
982 b7705b1e9e69f1c23f78d9e42d77019e_zym.xml
983 6f9ebca27ca218cd936f4760ee9d9863_zym.xml
984 bfe15e2846e08c4c88ea71e961cfbfc6_zym.xml
985 5ceb587a2cdf856f4dffd2150a19f525_zym.xml
986 8d0e229c357d1e23c60ba5a753d40973_zym.xml
987 9abb9a3b4d70cff1a7004d4718239d3c_zym.xml
988 de9f23c1910dd95e39f07568d31c85c5_zym.xml
989 de9680eba7c61c8c96f762fd4c7b2b88_zym.xml
990 84e94be81a688f101d8ce7fc4a1deab1_zym.xml
991 d21a216f3e2fbf4ad3eec93defe9cab8_zym.xml
992 db775df25582b10e197ffe3184c66089_zym.xml
993 9ad070bf2451d935790f6da786af46e3_zym.xml
994 b3513dc55c346c7856319031e4bf263c_zym.xml
995 881334b30f37ca9818c0e0a99e7e1268_zym.xml
996 5fb5d5eb7147e8d46aa96e8fa67e8450_zym.xml
997 d0b94ae88866313331609d36529d0bf7_zym.xml
998 8ae8da36b9f9ebbb895074e9c1cd8cd8_zym.xml
999 707cbc8d22309f6aec650e075b1bcb0a_zym.xml
1000 a8ed5b945be8869cd0334b78aa5ce2d1_zym.xml
1001 92c58851720584106da9e37202b48ede_zym.xml
1002 766b8c6eb0d2c6ce988691a9290b5da5_zym.xml
1003 3efc9f99073a63a41da8a4b6b3d94941_zym.xml
1004 27e6486e0db7234407800eeb200122ca_zym.xml
1005 91410741acc1788ea2248a74d9320bc6_zym.xml
1006 92d4f1861e36915edd59ad541abb9e7c_zym.xml
1007 7b67e89b17c541f7a75bf2c8303f5a83_zym.xml
1008 a1529b0d27d33c53caf40d623ad9cdfa_zym.xml
1009 663328825d028434fecb648eac2ccf4c_zym.xml
1010 c75de8867054dac92179f712a971ad85_zym.xml
1011 f7df4b3972375bc784cd61ada708046f_zym.xml
1012 71915863d3fd965a9cafbfc6172612ec_zym.xml
1013 faca161bab38c3acfe91d17e4a20d027_zym.xml
1014 3f366a530c0876160c4676b460e25e34_zym.xml
1015 cdf37dea659796a6c7423088a962564a_zym.xml
1016 4adcaa03a219960a7cd1c6cd7e00e3a2_zym.xml
1017 f2410c4d506f64ffb147fadf3b95f977_zym.xml
1018 49c22fbd65ad1adecaf47dba623aab1f_zym.xml
1019 4d07bd0a2a0d1debf6db09d3c89d9381_zym.xml
1020 ea23449c841478ca0b83f76f9aef5b19_zym.xml
1021 accf3ea21d840bb3f53a9098f1371f80_zym.xml
1022 5756b77cca06495b407329282e12c1ad_zym.xml
1023 1537c26f641724c7c0162a86d5857c90_zym.xml
1024 794ccdbcd9f38df823e6a2adda4ad33a_zym.xml
1025 9a5f8f981229321a024c73629e5f0522_zym.xml
1026 df93f18fce888d10e3952edc3cf59f52_zym.xml
1027 a1fdead3fcebdaea9924cadd42ea1030_zym.xml
1028 b007e150c50d1e6a55bd8b2a98a15470_zym.xml
1029 0baa9eb3cbccdde1ed7614987bb2f094_zym.xml
1030 9107355e88b4e9a5e2c9a77e282ae002_zym.xml
1031 afc9fc2b5f7b0ce66ac56d46555cd194_zym.xml
1032 4a03ac7e67c9c622edbd86acc7cb1ce8_zym.xml
1033 dcdedf765816dcf431988912f3f30de0_zym.xml
1034 ceb2bbabf9655f619024840291c74270_zym.xml
1035 6efd8ba8cdb3e9e0360b56163649695a_zym.xml
1036 5adcead8420e44e7193d98482c6fa142_zym.xml
1037 fadb3c5cfec8f90534069b1ac37df82c_zym.xml
1038 e05318f519f4a6a7b7a7f1bd3fcf4597_zym.xml
1039 aceefae88fad3fbc04d589496a2bbcbd_zym.xml
1040 977c29836b596beeb58589be4645c3de_zym.xml
1041 b4bc53d95c888d28b4ec7007fdfcfa41_zym.xml
1042 5786ea29d7ee1e30b0ec56a75ff74a5c_zym.xml
1043 fb722eb44a70847d16d96ffe1872826f_zym.xml
1044 e30c3513e55234ba00e510136c3aac6b_zym.xml
1045 8625e0e5651fa13f8aeae5e9ed5dcc22_zym.xml
1046 9f4efa6875c5b0048e6245278a38412c_zym.xml
1047 278bf6a4e514e6b15d5c1a2ff7d6d70b_zym.xml
1048 fc43fac283ea490182be2fb0b76ffbe1_zym.xml
count:  1049
1049
0 1fc7fcb8d7fe1bee6622ab2b312dd269_sxm.xml
1 2127a5cc47fdb92e17c22b65647823cf_sxm.xml
2 aba4c89da131d2e1410cdc95497b336d_sxm.xml
3 345f46e9508e175cb65948c0ec8627f7_sxm.xml
4 832a11a392ad8dfc4cc2f7f6a50647c1_sxm.xml
5 346ec2f6fbf6b1c5bd481a7ddec53816_sxm.xml
6 8d29bea5f8e2acc09b16bf4786303fc6_sxm.xml
7 a8f88705c3dfb730b4fce5a6b616cdaa_sxm.xml
8 30623beef796ce1ad04289592ec60c65_sxm.xml
9 e959a222dad1782969b19ee21e7508c1_sxm.xml
10 e1a55e03ca2e38286f0a5c7703bbf6fd_sxm.xml
11 cb03f38035ee92c7e3458528569d34a0_sxm.xml
12 bcba46b2d3ed8d6abd56d9156b6bfdd1_sxm.xml
13 93bc7d70207e803f267a0526f444cc7c_sxm.xml
14 333b3f439b9e7dd5eeba727724a661e8_sxm.xml
15 32e22defd00c41909800cd14b9248f98_sxm.xml
16 9a9a0366e10a8c955595565a83d20e34_sxm.xml
17 2e3f82ce70a9242bc019eef38d0b7283_sxm.xml
18 b3b144618a9452fa1d97ae31d363f371_sxm.xml
19 1c3a3a726bf0c4458ac45bae2e7fc03a_sxm.xml
20 123277c8c270e6ec797b23f50324a4a0_sxm.xml
21 51665a3f77184c0a9626263d0261d2fa_sxm.xml
22 86bf935529c2aeff103ec51ad8bdaf74_sxm.xml
23 f06c7590d1e180fb3a87034292824505_sxm.xml
24 a6c6fabf4c416d61d6610f2f66dc3043_sxm.xml
25 ce2ef491c43945cbedb7eb658cb71898_sxm.xml
26 ce2ef491c43945cbedb7eb658cb71898_sxm.xml
27 e927d3e5baddb93bce155f27d508c11a_sxm.xml
28 f95a00a9c8df1f72cad1935ccb6f06bc_sxm.xml
29 2b9fa0455bb170274dbe70fa4da0e210_sxm.xml
30 b97cea3ddcf73c2feaf39c26dc851a50_sxm.xml
31 9fd6b710cd701d48c1d16f8833321402_sxm.xml
32 0f8deb9380bed80d9c93c28b146f3b71_sxm.xml
33 92fcc5b8ab6ad2b19585965b6cb56deb_sxm.xml
34 fa5e52bb7b8e2ebc82379529299c8b5f_sxm.xml
35 aa587ff68eccfabb7ab663f9f8548a45_sxm.xml
36 0a82cc73bfacf284a758e91940a9dea3_sxm.xml
37 082204bbc29ba12831c5e54be3bed869_sxm.xml
38 a43412b3591a876d805e6d341e6512e9_sxm.xml
39 3c8d7513518f84d1fd0b68d8d734695e_sxm.xml
40 8af5e8c92966b0c6a9c928637ead5187_sxm.xml
41 fc91c15287aa6c78343f1c085e5fe48d_sxm.xml
42 73c7efea77aebb07b6716d45c5348373_sxm.xml
43 ee7f438073214b2411944d72e09a6ed3_sxm.xml
44 8f4cd7718bd458fea521aca9ee54fdca_sxm.xml
45 b8eadd3ac6c71158c4576f5753800d8f_sxm.xml
46 df4266a6f7ecf66581c1e2abeed02268_sxm.xml
47 78a44f948b616051b78a96446673284f_sxm.xml
48 7ea4166215075c0c71c8542ba4215d3a_sxm.xml
49 822020105864b8427f95383d0d617251_sxm.xml
50 8c2adfd74443f840ea8bf613966aec46_sxm.xml
51 f27a4438bc9699a73ac2bcd98d52bd8a_sxm.xml
52 269ca8efe0e8dc1d04cab130cbe7f58c_sxm.xml
53 8bd82c408270db8725b7e8eba4e14a26_sxm.xml
54 c3d65d22e69311c9f0689996a051f4b0_sxm.xml
55 7ac17334a0c75b590f95603e6e623419_sxm.xml
56 9549204bc5b1d5922a363a9445bac2e2_sxm.xml
57 3e720e1dd48b028300e4f23dfac85236_sxm.xml
58 c9852d1fddd0a52eb58dce18ef3ab1e5_sxm.xml
59 185a8ee428f6546f8492887a55838987_sxm.xml
60 12bbd50f361105889091795474f1ae65_sxm.xml
61 c9a7215e58104782f97b87cea714aa86_sxm.xml
62 88a34d9fa0cd1aa45e03f1efae7e125c_sxm.xml
63 cec71fb69f60518124391f9731309d18_sxm.xml
64 2f1e59d464c289cf1b6703912aa4d9ab_sxm.xml
65 0456138fcf1cc0fcf50f390b60b62a79_sxm.xml
66 f386d8d3e1a2213d003426cd35fe477a_sxm.xml
67 0a233b7041ba1d824c3f07389dde018b_sxm.xml
68 34fc08949cf1eb89eb8af6aa880a4c86_sxm.xml
69 b06c4f92b01e5ad4910253e9a330a8e7_sxm.xml
70 42bea7be64928f4fe583003faa099346_sxm.xml
71 8a12d0aa571c6bdb4a3a7c94c2b62936_sxm.xml
72 04dee72b1221e1049e854d8544b7a100_sxm.xml
73 3d17827970dea2662b5972b8668ca755_sxm.xml
74 69a26cc0582607554d5e985ae91e0b1d_sxm.xml
75 ca91a3d1448f198f218710597546d025_sxm.xml
76 186d627144ea35f4f4facf398bffaa04_sxm.xml
77 212f570a7777ad6d8538baf37cd9025b_sxm.xml
78 f4ffa492a28ef3165295593b22d821d0_sxm.xml
79 b46ceb9a90e8a7503cdbce5a1dc2ca77_sxm.xml
80 2087fa0706beb4d1ce59203f806bc69a_sxm.xml
81 06eb1f2db992a868a7d9143324c27ea6_sxm.xml
82 0e1f57bc86309356246b14135464c572_sxm.xml
83 0016fd8640e439dfe24a8221eebc89ec_sxm.xml
84 930f18b9004dfe5932c0bd9b0933f0bc_sxm.xml
85 011076a033b948bebdb9697621fc6bc8_sxm.xml
86 27d9fbc7849d1f4ea0f253e62bab6d93_sxm.xml
87 371fcccbc89b2967926b6a18573b1bfb_sxm.xml
88 76f141aad7ca74200f47c405991d1eb0_sxm.xml
89 27accb7e21b515487bf3eaad05e24f5c_sxm.xml
90 61c3fabcc7719c011fd24ec929c5c4a3_sxm.xml
91 3d9d115dbfd08419e973fe0584af23af_sxm.xml
92 dd028fb37fafc172d99773689b661b5d_sxm.xml
93 1c3937eb1c24aa4ee0022526a74e6b8a_sxm.xml
94 0afa97201bc986669becd3ab8b4bfc0e_sxm.xml
95 a5a7a2df36e1fc27ea4ed16e961da538_sxm.xml
96 bdf9de432192aee46e760d2869de3a95_sxm.xml
97 cf3a1a82130b029ca850b24a3a9fad16_sxm.xml
98 a233a10d769bacf766437e5d588f823e_sxm.xml
99 47ab6ee48f9206dc007867fd1a90f371_sxm.xml
100 74dcd51651626c5582c683cb858c631d_sxm.xml
101 9e4f7253fd37696b6b2e8ee9739db14d_sxm.xml
102 d20834e190f873fa4de8a2a788369931_sxm.xml
103 1eeb5f7be38d18978bb45eae40669bbc_sxm.xml
104 156ca17dd9698ae96241515415979acb_sxm.xml
105 f372d4a073815f8a8d20e5ba7c52ee89_sxm.xml
106 f978a440ea6534bbd01b41049e782056_sxm.xml
107 2fd6e6f717887209ba6994f599f72a5b_sxm.xml
108 1a803aa83d6bfb4c29bfddd622eedd3a_sxm.xml
109 aeac26d7fd18f55915254ecbe8da4931_sxm.xml
110 9c84b373e2adcf044fa5201b839f3318_sxm.xml
111 3d1d3d4a73e37926ea89db4137964f8f_sxm.xml
112 f5780af21ccf1e70449303846e4685c1_sxm.xml
113 ba96fd7de771edab9df5aca776af02d2_sxm.xml
114 5b0f6f593bc178ecd4dca2367909ce6d_sxm.xml
115 954aff8552a259c53d3e57b8adf4dde9_sxm.xml
116 354b4244983b6dd2e68e3fae66cda08e_sxm.xml
117 34b90c5b6deb55fe319e79ad0d70aa4d_sxm.xml
118 f93ec6ff3f8e985d233fefd1331455bd_sxm.xml
119 235d511e65d507c775c92935101337c0_sxm.xml
120 e6c83be4214df3e1dc310fda7389f891_sxm.xml
121 4546569884d80a13cf5bc1fff45e1d49_sxm.xml
122 8c9576dd3210c84734cf120f7494a2c2_sxm.xml
123 07180ca5d826bbd37517ceb5515fc83b_sxm.xml
124 ffe537932e62f001652ebf2cdc2bd5ed_sxm.xml
125 b693a410e68b1c9de5ee52e13875c8e5_sxm.xml
126 7836a43edfb68b18260d2a7a0ee11739_sxm.xml
127 37ecf6aa4b24b5311032f5fa5c39f4f9_sxm.xml
128 172adaf821df45ecad524adb23efb2aa_sxm.xml
129 12e1e357f22c8a419e9c047b38159a77_sxm.xml
130 8e6d815983e8b49a30fa2c2d910ac2e9_sxm.xml
131 39c69caa2e1b48ce70fc88cfbfece45f_sxm.xml
132 9b177fef79a31ce4b1dc5ffd739ff939_sxm.xml
133 9f428f2e42744cd7415ed93a140103af_sxm.xml
134 2de1794d72d7c8c1bc5766db679451d8_sxm.xml
135 6a0ca65e233d4c1e12843e19b5b4e420_sxm.xml
136 b294db6a4f94f873675c20aa0ee850de_sxm.xml
137 0527c4449619569cd565d724216aea04_sxm.xml
138 8c44658b7dec5d84ece14899553a11d6_sxm.xml
139 b58c5c40c079d5df2199e405a2fbca87_sxm.xml
140 f64f7543c3cba4fef02d0fd961a82667_sxm.xml
141 df77f4e0eb602cae80d626d7b962dc97_sxm.xml
142 e79a0b3433b460fdaa6b0f9b587ea7e5_sxm.xml
143 40d689745be64027821e33fdda84e565_sxm.xml
144 06bb4bc28935b60334153e7e8a5a06fd_sxm.xml
145 415ff30dba3b7cb14a07cc5c4cd71330_sxm.xml
146 ab678844276f2c07d0068cf05d832045_sxm.xml
147 6b7118f1cc45f2a99ab89a554572f29c_sxm.xml
148 a724b6b78e909e776d2e1953ab65466c_sxm.xml
149 47293e4bf714b12216c9a037b3bf6323_sxm.xml
150 c0499266c0b0915a66e03ea9f85a8343_sxm.xml
151 65ae3d74de040741cafe23008d9375bd_sxm.xml
152 eac0e1668bd47e486ee907ab14ddbedd_sxm.xml
153 1b53ed6931ff62bc759c6bbc732e02d8_sxm.xml
154 24db29a63ec893387b4697af7e2528da_sxm.xml
155 41ccced6ee541547474d03c5f94bdf16_sxm.xml
156 36d21aa5ed11fd8efce2efa6ecc4f1e7_sxm.xml
157 6cd143106a251f96c31abe09f2f68d89_sxm.xml
158 34af924da1c8d66878d7f272e7d99977_sxm.xml
159 54e85a398921b8f039ecc9f00829d3e0_sxm.xml
160 2c6537fb4338c36ed974a73608ad5c6a_sxm.xml
161 bdb77553f88e2a480182b3df5c51be82_sxm.xml
162 645960dfbe61999875ab0aeb13ecebee_sxm.xml
163 2dff15ee4b92393c83f31b85502e8f76_sxm.xml
164 9157d7aa000e28f769f7f72f499c1d05_sxm.xml
165 94622481d59e4ef0cd2d9297f98837df_sxm.xml
166 e774b8c83ddebae6f75751b246a19afa_sxm.xml
167 5d6f020d0572ed2bb4b957247b402f60_sxm.xml
168 854abd1898566bf92ce716b4d597b895_sxm.xml
169 b680b908b29fcfb20edad283f28be8c0_sxm.xml
170 c8f29a0336860151a69b1b8ab98ee6a5_sxm.xml
171 9928c14f1866bb21e073dd044404e29b_sxm.xml
172 db141d2bda77459ac24e9be630eac0f0_sxm.xml
173 b18de3342a1f22edad98e0ad7565a00d_sxm.xml
174 176660a566f67e01c33511807389d9b2_sxm.xml
175 5f6cf2673ddea4c02e5a705535fdc71b_sxm.xml
176 4f27e5057cc6ca025ef5668b5feeded5_sxm.xml
177 ca6767d7b591fcf5f002324670599753_sxm.xml
178 ac355a45cd25780fae1ea4cd4ffe7ba3_sxm.xml
179 c0f6d102ca5e01b8b38057b70e17e71b_sxm.xml
180 6058fe7226db9785a6700b0edadaad7a_sxm.xml
181 bdb1b500bc6f0b20ca37b82ae7356fa9_sxm.xml
182 db0c6770f0080b315c0d5acc812f03e5_sxm.xml
183 2083ce6101fc8559bfcf399e9c50f706_sxm.xml
184 f5b78041b8595f4419f7951aa1fde60b_sxm.xml
185 7418bd35c87620ecbbe7a0ccbdc87f95_sxm.xml
186 626e9a9b62830cab5dffb6b910f9822f_sxm.xml
187 893341b495fe2cfa0d4eaa46b8c35ac3_sxm.xml
188 b1f161cd175870446b1015127758f3c6_sxm.xml
189 2d5a36926bb0d0361060e769c3dcbc6e_sxm.xml
190 ca245d919bc0a5b97052651ef95cabec_sxm.xml
191 119b619b6286393cad3f16173c0785d2_sxm.xml
192 1a253ea924a994dd39dab815a25f93d0_sxm.xml
193 1208416a452da89d07261929c8950130_sxm.xml
194 6c07fad7c42575e25bc530bda75980b5_sxm.xml
195 bba645691bc7e0fd7367213da7bca95f_sxm.xml
196 d3f74a0ade441400b84f05a082de5e5f_sxm.xml
197 2a4e1b6a1f93a6b1e8653fe4f7b9d3e2_sxm.xml
198 a6cf5b2ceafe0701ad680322d4bffa53_sxm.xml
199 f42909ccd6c2334afabff2a7a43a0007_sxm.xml
200 ba51345e440fff9fd4d562fadf6d61e0_sxm.xml
201 34ccbe5104563040f028c7c87c22217f_sxm.xml
202 8651668492d318512c75ea3db5ffd3dc_sxm.xml
203 e0c85911fb607ea68738a25daf1af1a0_sxm.xml
204 575d2fd7630506cf0501a18a889bb2c3_sxm.xml
205 f598509950d51d9e54271c0b456f92b9_sxm.xml
206 e0adee5d210155f292f8ce812e18369a_sxm.xml
207 c967c99e180c03375a6d5a5dc809a280_sxm.xml
208 a4d218985b0aee66e9aa94cb99207414_sxm.xml
209 83db35490a23ce701a6d1a2a922e6091_sxm.xml
210 74921c1d622647c6f7ea7f39641d762e_sxm.xml
211 0a2cec8083f66be5e365125300b77a84_sxm.xml
212 2bb2774cb33bd46225103492b14cc742_sxm.xml
213 8e363721a181ccb70b1f8ff7e4beb171_sxm.xml
214 6319559cee3220e8bc129c866fbccb23_sxm.xml
215 ef0835060f5af86df155f82bafd89b12_sxm.xml
216 00833eeee702c6e74031746a385ebdff_sxm.xml
217 dddb7e98f07463f1780bd15d77f37d8a_sxm.xml
218 30eb4bb2dd13c24523a8de75a1e513b6_sxm.xml
219 3a7af4b2789603cd3a64483ca3d1f193_sxm.xml
220 cb6ecb5c1c897d68850f3a76045e1ad8_sxm.xml
221 08ea7a0e2912916b3f16184d23ba29b0_sxm.xml
222 eafcd52ac7ba5dd8bd9278892f35f791_sxm.xml
223 b2c9137f3bb39776d75abf9d34df508b_sxm.xml
224 bd433917609e2014f667c29a3648ba18_sxm.xml
225 e62e14e1507a6edd61bc5235a2d30c8e_sxm.xml
226 c2ef2b49cd4b7843ecdde57f8bce41fa_sxm.xml
227 6c22ca720434bd70fb56930d0a7cd69f_sxm.xml
228 dc645282114adb5fe54c127b575711f9_sxm.xml
229 59d698691f07f65445c7b42656dfa84c_sxm.xml
230 683b93eefa818397a5f56842cf220ffd_sxm.xml
231 0f981fa5e4d84b0166fe1fe3c4edd82b_sxm.xml
232 bde74d92f3d20a905317a069b016defe_sxm.xml
233 7cef80d72afe744e02fb45f64b57b9de_sxm.xml
234 b945a124716f552ba3a1bc0ce2b138bb_sxm.xml
235 24d0f455c352dbc0bff7b7139dc1bf27_sxm.xml
236 d24db8eaa9a471c6c2507284243ea759_sxm.xml
237 683e0c99e5e890b001897866a6e9547c_sxm.xml
238 2e0c8eda41e7a3ee38b54c4b231111cf_sxm.xml
239 4be14e843f3ac77b95ff7dd8a92d6130_sxm.xml
240 caa3d831e48767ca898569a2e889423e_sxm.xml
241 dbb2d1ed696f21153884a18dbc61b77e_sxm.xml
242 e65d3d9422f280b1d26b0e8e583e83d2_sxm.xml
243 2acc27932bda7c3a5788888d842c505b_sxm.xml
244 ea2e73d06c2d99364a2e0a2f0012dc5b_sxm.xml
245 ed3daa418d9f6d290088130449f79462_sxm.xml
246 4d8763d99b5b636f213f12a7c05da741_sxm.xml
247 4e9eb01c5170c50ed4365ba9a2011d16_sxm.xml
248 576f0e92201559a7efeeb91a80d6d818_sxm.xml
249 8cda72155f74814938dc153171d08d71_sxm.xml
250 8a27c5d1b8172f71f77aca36fc873e03_sxm.xml
251 a89061e1071588d51bf30b19553dead3_sxm.xml
252 f9642cc724e30167c4f8a4416c5168e6_sxm.xml
253 86de5ae7b71092d5d8b8205ef7a1d0fb_sxm.xml
254 9cc90f597c8b76b6c4b030e8e8b0c34e_sxm.xml
255 625559525e42de0cce1eeaf63065da99_sxm.xml
256 7e07d5084295fa29580b903fc91f08eb_sxm.xml
257 315409b1f516ceebb8055c43edb51734_sxm.xml
258 133857b4eec10864a14773d3471ff397_sxm.xml
259 233d7231d0896d4ed40f197b1f9f5aea_sxm.xml
260 daba2b2edc1b9e653b72e2378ed37632_sxm.xml
261 427829a77bbddf4902bdf1e5044998f5_sxm.xml
262 5fc24d6c9d6ba7231dbfd52f6386ada4_sxm.xml
263 eebdc8c0ab2b73f337e301b00cc82339_sxm.xml
264 04fc2cb5bc52cc59a4433221e325460d_sxm.xml
265 ea9767e795f6cababd7e7cec9783815d_sxm.xml
266 bd165f569824c3a00f484e2fb46a9822_sxm.xml
267 87f367f2652474b2f9d31a90cf6f92bb_sxm.xml
268 ef918ab931c7cb7cf9498a811c690236_sxm.xml
269 4bdf860ded895d8c37e71aa5dff114cf_sxm.xml
270 edcd4207adc3e880aa38108b65b4e1e1_sxm.xml
271 d83b438ec63d6d8f2a289285c2b2bae7_sxm.xml
272 b4836bc8325a0a2504338d521b2f26be_sxm.xml
273 39311075fa4e821b2c4a5f29c01e16d4_sxm.xml
274 7276a8f776236d646a2da93180e1f126_sxm.xml
275 6c01607abe38063e7f97836e646f9443_sxm.xml
276 8fbd2da407b9ca9b7f29c834a08da8cc_sxm.xml
277 b58e5e2ca1430c59d88d3e3a1ddd359b_sxm.xml
278 9533388fabab360acd375674012ef2b4_sxm.xml
279 88b0e84306fe209e0f67fd9b746cb9f3_sxm.xml
280 986d33e0bb2464117b38449928f1ea52_sxm.xml
281 208e9857163e485772ba57435c00c457_sxm.xml
282 855f92b7212339f02bab4f8bd47e12d6_sxm.xml
283 611546186ed4d6dce8fde04a428cf761_sxm.xml
284 e4582f0c37b76fe81466aecdbef870fe_sxm.xml
285 95fdd7236f0a34e7b045da1ca88ea630_sxm.xml
286 b8584d4f5808895029c77296d6639da8_sxm.xml
287 7c22b244e453ae4037febe82578f7939_sxm.xml
288 0f229cfdcee6064e6711275dd3eb42d9_sxm.xml
289 5d7d3100a416b282dc78b99e0bdfdc36_sxm.xml
290 d662975d24d8070aeaaa21644e86a005_sxm.xml
291 c5c6dbff2ac690222ce1c6cc0f9d5272_sxm.xml
292 4f24337eea45f3f9408400215512ed74_sxm.xml
293 65b9b54bad36bac6d102e493b7f435fd_sxm.xml
294 f975762519c64aab378ddb1238eb664b_sxm.xml
295 b7f58eddede3c8daa532208357ce3ee8_sxm.xml
296 a918c922a20340ee051369fdad854f5d_sxm.xml
297 8aa2cf570e13f357e6a0bca10b8d9f06_sxm.xml
298 eb257530357cdff0a5d0ab8ab504d93f_sxm.xml
299 25fb070f676edbe9d050e725d1e1cb2b_sxm.xml
300 6208e361d883cd95b5c31e9089af126e_sxm.xml
301 dbcd5d893d985ce62ed8fdcbe018edc9_sxm.xml
302 79522116cdf96d00f5771547048b81fa_sxm.xml
303 f88118b129d046377c80fbfba6130e41_sxm.xml
304 0c4965aed3cd4d7ae1fa2e45a9a3b519_sxm.xml
305 9e58f6d3981630879e5918714125f20b_sxm.xml
306 5a63b13049e72149c3e94654d68a7abf_sxm.xml
307 9d456db570f067836d88da4bd5f5a504_sxm.xml
308 6354c6533203fa41234e538c513d7059_sxm.xml
309 d6c9cfc326a6b76a48979fb3b77063a7_sxm.xml
310 e61a1cd9d914c8be3246702b64107c31_sxm.xml
311 ad8dc76223c31a032271338b986cf058_sxm.xml
312 7449e1c8e5c74dc20084eac4114744d7_sxm.xml
313 d888d63bc81c6ee26a3975ebc813a045_sxm.xml
314 e6072c689e055e39439a05bace3f61a5_sxm.xml
315 eaa8a5aebc82fe156149fc81bfdb4542_sxm.xml
316 7bbf23e66ea201a10d2f736bc0442a2b_sxm.xml
317 553252e2bc61cdb45c666d18b2bed214_sxm.xml
318 fd4e96550065481c79b2f51195f295d2_sxm.xml
319 ecc8c7db9cda6f20f0dd4cf86ffefe2c_sxm.xml
320 5525019da08d5a1cdaac047c99cb1c08_sxm.xml
321 8ef0427482c052b41d01f960bb98ef82_sxm.xml
322 cb5b5120dc86464168576c04e0faa382_sxm.xml
323 0208a801ba5fa58a9ff97f0efe927c6e_sxm.xml
324 1c5e355f92f84aa11c2bec676cc31edb_sxm.xml
325 1f283cced87147cf2f831709567ee355_sxm.xml
326 628ce7d3773b664aa68e3990284ef216_sxm.xml
327 e57717ef5d54c1a9d024a6d61e58d064_sxm.xml
328 de305b3e29cff725f8f4647374c40aa3_sxm.xml
329 ff88385e72105dbcb5f2638c4911c499_sxm.xml
330 9cd4ee8148954200609d0593b9356166_sxm.xml
331 701dc3cac6c4b87902414e3cde53b62e_sxm.xml
332 8c52fad51d9e9abf96ab62883856abb3_sxm.xml
333 914a9f017280b9570418cd06f9869be2_sxm.xml
334 f72b09009de48288bb1eac88f45d3624_sxm.xml
335 0b1685708bdf8bf82f1ffce8705b109b_sxm.xml
336 c9aed9b1dee5753472db094e00dba2ca_sxm.xml
337 8c10f0fb0178d65935e3516c0366c38e_sxm.xml
338 b1c70866140df8f56041992a378f3ec1_sxm.xml
339 8efecd34653fb6e4143468033625d91d_sxm.xml
340 ae83a31daf023aecc9b07ed6edda6530_sxm.xml
341 91acb55dabe2bcbaa72b938e46a21d76_sxm.xml
342 07d3f8a3a252bbc48fb8c73cdf288138_sxm.xml
343 ddc196ee80feac37ee93233b88244e79_sxm.xml
344 ef93e35fc26192fb9d7fee525e5471d4_sxm.xml
345 bd666ff71574e3505be0459e6223d643_sxm.xml
346 f92b3ad3f76afc1116c4204605f76647_sxm.xml
347 2029a91a2344d1cce50514de0762cb15_sxm.xml
348 f6ba731febbe715811a78b583def5b69_sxm.xml
349 8ffc771a7f5b81f66f8575e374102fff_sxm.xml
350 71853154f2397ab0c95a475dfbf40fe3_sxm.xml
351 b4a14c86318ff5364e66cacec80da1eb_sxm.xml
352 c5ea3624a8490878693eb66bbf6cd0fd_sxm.xml
353 a3636c9f715509af93f02b79cb06e93a_sxm.xml
354 b92afeb2882c392461a392286477a7ab_sxm.xml
355 da8ebbb2d6ba748efb3b0ec337894969_sxm.xml
356 f58cc641c4c03467669d3ec97fc97198_sxm.xml
357 bec3210d3abec029ed76d6943a2b19f9_sxm.xml
358 5a4487c5b12f478ddb696e8e7b91b8ab_sxm.xml
359 0c903daa76f1cc8d461f7ae7daf90168_sxm.xml
360 124bc95dc0c84724f972cae6da05cb62_sxm.xml
361 6499ba87fc359c788925a0901d1d8b40_sxm.xml
362 c39f5cc242f7e6f89915a3cd781d53a0_sxm.xml
363 cbfc79e78a5dfa0006a8bbe31fab1064_sxm.xml
364 cfd7249b14b8015977e4b2f2dd4eb775_sxm.xml
365 af8bdcb957d776fdb327d9253062bae0_sxm.xml
366 697394f6deac276404286613fab9615d_sxm.xml
367 2f3dc2b913a7ba55737df5678a6bdba0_sxm.xml
368 f0487ca1a3a8271534903e78c36b7ba0_sxm.xml
369 03bca3324802d0002472ac893e44e2d7_sxm.xml
370 28e4850dad41e594d059941017b06f94_sxm.xml
371 b793ce4ed08ec91596b567a1645c8fe3_sxm.xml
372 091c9bc31d393bc6a71211d87e1c230a_sxm.xml
373 7694b11ae5c2a97366cc9c583f8f9a16_sxm.xml
374 67169e04b8f80c3c15055a508cdce5c0_sxm.xml
375 f36c874659798edb9091804864971acc_sxm.xml
376 e537d94f94d03c71733691a2225c37c9_sxm.xml
377 10a2df13892f8607cfebc60640b27cf3_sxm.xml
378 8ccd6e7d066dc6325428b0b9373e270c_sxm.xml
379 6f5d5bc5de1e0a8514cb22db0771e7fa_sxm.xml
380 fe28b3491f2fc9ad448671c0c34df79b_sxm.xml
381 a2b22f7aed94b0337060d28fce1a749c_sxm.xml
382 9e680597cc0e6f61543a98af21c6a2cb_sxm.xml
383 749a481312a0b2fdd7d75dbf0966e6c0_sxm.xml
384 0dc14e730232166f9b4f3bbdba6ca48a_sxm.xml
385 ee04a5ea138ea7c0ecf2e656d318e5df_sxm.xml
386 f9b77de40d6845c1dbb0cee12d5ac666_sxm.xml
387 397fd355de9bbf48099ba98de732bcfe_sxm.xml
388 ed766d77221007a462054a58667f176b_sxm.xml
389 ec3ddcc18ba64f363fa8c925ad303fcd_sxm.xml
390 9ce91f5d38832c72ade9db28f55eb712_sxm.xml
391 fe7ea24787166454800b945d75c8bdb4_sxm.xml
392 492c43e3ccf906a1706e997822ac83d4_sxm.xml
393 1021bec1e0600fc60e436087257a655a_sxm.xml
394 a4f8d685fb87998b2db9dfdd0e23f6b6_sxm.xml
395 b1fce93ef775ed94240798fcaf4880f2_sxm.xml
396 026c2904e8f280b9ed26a8c92675f8e7_sxm.xml
397 8fed3a87e77ddbaf8757e0bde0e87c3e_sxm.xml
398 e09afe9e37b2f2932239502ad79a7539_sxm.xml
399 72cdd25eb5d69cdfb07ad24cd8e6e083_sxm.xml
400 bd41525a965b0655eb171c650e2f96c7_sxm.xml
401 aa3777da6069900d5d9a3b1f08dd8554_sxm.xml
402 599ee0d68d0c6ca20dc6db5649b7ea4d_sxm.xml
403 df9c8decfc23bcc680525cbcfcd70a73_sxm.xml
404 530099dd7961f5341f66d8cdcb89269b_sxm.xml
405 fca28afb399ea7d7f2035e4daf4f77e0_sxm.xml
406 4fa5b46895022796f9bce78ff005a749_sxm.xml
407 9906f1ae0c51bc58212ccad3210573d4_sxm.xml
408 dcf2922a3adc12a00516d8bbb9dcfe52_sxm.xml
409 eefb43ab7fb103091f2a1ce37dadb38c_sxm.xml
410 39cc949be6939ff3c2584a01337fb354_sxm.xml
411 b8e43e7efc23a89302da401111e6d788_sxm.xml
412 2283c81c89fb45e3ddfad638afcb1810_sxm.xml
413 ee4b290ac3b056ad84d82d81b17df3cd_sxm.xml
414 8d9385aff437bf1ba3990f6368b0227d_sxm.xml
415 5537748ca16143250fc2add5bf928df5_sxm.xml
416 628f5067e0954f279ce6e0ccc3bef30e_sxm.xml
417 d20b4b9af4ea32cab635eb63ad1f6077_sxm.xml
418 1cf4529de3c852cf03ec951c0b53280e_sxm.xml
419 e5982c660b6aa31b4f32acda15f16dcd_sxm.xml
420 c81bcfe6030c0c7c5a4a3532b2cf3794_sxm.xml
421 0a063b87451800b173f9133e6d2799c4_sxm.xml
422 e8070bf56d73246c79f1e6fce7ebeba7_sxm.xml
423 33fa001f67e0f6dad4dbdcdcf1dae970_sxm.xml
424 a5be3b4e2c3595832d5c5ecef08e48e8_sxm.xml
425 768567236f38c0dc5172ae844157fa62_sxm.xml
426 043dd2a59cf5880ca12467bbc8c9ccea_sxm.xml
427 732c55c0629a016be567c5fe76d3cf96_sxm.xml
428 a6c0eca82a6402824c2076ee33936ce5_sxm.xml
429 3faf37c4e4bd8a974a6a97d695c504c6_sxm.xml
430 91f83764ce2d9979d4159ccbd7e74dcd_sxm.xml
431 d0496f5d5f64749010167d29a2465d77_sxm.xml
432 b6941ebcd3935bd6fc3ee1e2304c0f59_sxm.xml
433 41138d7ce066c8640c5978738f55c376_sxm.xml
434 f8d5f89a6db00dc86beafd1836e846bf_sxm.xml
435 522cbe0ad3cda6f96e53d58f14232527_sxm.xml
436 bb4c59b204f73884d4df6d00d70642e5_sxm.xml
437 9cd1fc061b8f692d2612fea0677ef8e2_sxm.xml
438 ae0af42ea5d582a11a9c994a96a2002e_sxm.xml
439 e09d6be942c64fde0ca0fa036d966e81_sxm.xml
440 ba4072e72c36001c807bd94d51876210_sxm.xml
441 38870e269f55e0ab6a87e8fedef4f919_sxm.xml
442 235a124e33206fd9c07446e3bfa30272_sxm.xml
443 95054a16bfe1a0ad303970c0523be90b_sxm.xml
444 3e3cdc001c0e317bc0196671cbaf4cee_sxm.xml
445 bf3f74f2bbd2e12f325dacd9991346d5_sxm.xml
446 13a9a2187436816258ca39f375fff6f0_sxm.xml
447 f08acee9697d8959ecade82d7d6ba09c_sxm.xml
448 69440128781fc4007d24fa1f60d14ff2_sxm.xml
449 77ff234d364e53a99d97f527bc8fecf0_sxm.xml
450 24a07a4d2b60a8a4663733b880b062f6_sxm.xml
451 87d7d5011101f4ff56244013bffde4e0_sxm.xml
452 9c5f05929956a17cae03a985bb2ff94f_sxm.xml
453 1d199b067a784935356aeae11e018ec5_sxm.xml
454 0bbc95a84ce6166362a095062c14b3c2_sxm.xml
455 8df09566c1a86773fa660a7d1befa42e_sxm.xml
456 55eccdc5cbfaf388240c4914c97b7201_sxm.xml
457 f88858a5a0c5cf64e15a5c0259f863bc_sxm.xml
458 6bf0061111b2aa47d01a071d7fcf8376_sxm.xml
459 3d76e9c24c5066634cff6521fbf485b2_sxm.xml
460 447506e0c938d64efe4ef7cd7c7816eb_sxm.xml
461 8d6b1c00807f7038ff322d57fa83b828_sxm.xml
462 a5c517d81ec9c9504ceacc2cfa4b5945_sxm.xml
463 256ba4f7e4dd5c40f6b13c6b327d2524_sxm.xml
464 a74c82d019af1474f089a442dab3fed7_sxm.xml
465 f471ab405bb11eef6cdd37aa0f66bd49_sxm.xml
466 8d95416164ab44bf5c680571089c4541_sxm.xml
467 fb07516870c66f4bde470afacd095fda_sxm.xml
468 6049c035c2ff0c21d04801ec2061731e_sxm.xml
469 e1c5f1069513a343835a1e21485e4ffa_sxm.xml
470 4e1e7a895db566935b09b4333efa8da2_sxm.xml
471 db5e90221899158f8077ab439daf4106_sxm.xml
472 19444bb1acfe17822b22c6242d014b16_sxm.xml
473 7f01d42e4697668cd29bba5dc5214689_sxm.xml
474 80fddf1c4a37cabca7f8ab06cb8b7684_sxm.xml
475 787bc5d183e31b9cb9c362a334d7b623_sxm.xml
476 773dd653c7ba6ab219b6686e6278f782_sxm.xml
477 3c7164260b10761a79f488c6a013c49d_sxm.xml
478 a6ce1d3930837caebff30a5ee6719e8a_sxm.xml
479 b6c67e170dde2a1c49c380965c62271e_sxm.xml
480 2f9191e46f5c24e9e35ba69b657529f5_sxm.xml
481 294b829f747b59346c87cf71a42b4a25_sxm.xml
482 d0b7f0c6b30944979589c40bd25adc7c_sxm.xml
483 8c498f870affb8c6151760af20ee95d3_sxm.xml
484 ec7647dead2bbdc67018dfbe5387f264_sxm.xml
485 2fcd6f99dd26cbbad69a673d6378d865_sxm.xml
486 58b954395c775dd3a22428c0909de82b_sxm.xml
487 a9d27bbd57251b2a9a72e04a9b9283b3_sxm.xml
488 af99ade93f9e9c47a3396c62f6f2fb17_sxm.xml
489 3d98adb528c65b693b20d2c2959ff8a0_sxm.xml
490 ec04ebc42fbdc16fd394e1ba2b19581a_sxm.xml
491 a14f14ae725e9312128c44b7986f2b61_sxm.xml
492 f43667be503af2732509c59d93230e0f_sxm.xml
493 e634891d81d849f88fa7aa8e0e3eeeb1_sxm.xml
494 f27fbfae3072039b363f18007bd8ae0d_sxm.xml
495 4ac16965c9a182a65f1f71c574c1c082_sxm.xml
496 42e8e390bbc3494d4a0ca1f30169fc98_sxm.xml
497 330fbee4024ce9afb7a99839aa8e3ee2_sxm.xml
498 330fbee4024ce9afb7a99839aa8e3ee2_sxm.xml
499 65f939a1313f9f77702ee4a7672f2e7a_sxm.xml
500 16dfc4d1f198f5a6b5bd7094c822b484_sxm.xml
501 15fda129efc5eb55488c8628d704ef58_sxm.xml
502 2b147e3e66759250fa6c6a0074adfb96_sxm.xml
503 efa5986beae190da893c945cb20e0adb_sxm.xml
504 a9e05e857dbb51a900e8a089ab52fab4_sxm.xml
505 a820444eafd18ace0018290d15eb60b0_sxm.xml
506 cb2f4ff5838446ca6d5aada623d7533a_sxm.xml
507 cbc88b6c80aa163a4dff7750b3796310_sxm.xml
508 34d6c65007883dde47e2f06b57c11f11_sxm.xml
509 0ddab093bff53a49d411eb22f9bce9c3_sxm.xml
510 11c177b01e24f0fc0c42752cffb4538d_sxm.xml
511 e82ccb741b1b66691fdf2ef254a7e925_sxm.xml
512 9f9b348e4370a7f6e28bc84b9b7a5653_sxm.xml
513 00bc94a6e83c6a7bb6ca1f61888f73c4_sxm.xml
514 828825a31a37b5d193c5b2b4fe338482_sxm.xml
515 ec4fdac14fda800294d3d46c06350c65_sxm.xml
516 81fbde125c2aead2735689aff09e9691_sxm.xml
517 ccae8acc6c1926b0fcd094d011a7df57_sxm.xml
518 7dbafa36748941f173b5e64c2757ab35_sxm.xml
519 86afa1ef2103f5188e75ee266e474f6d_sxm.xml
520 573acc5d2c3db55615e5242f6bcf81c0_sxm.xml
521 6bd60b2eb60ec1d38a445e117fc96dbf_sxm.xml
522 fad1c996eac7c2c4b405873b4348db77_sxm.xml
523 349643b874e1de57e38ed615d63a82b2_sxm.xml
524 1eb9c2c7976874d52ed9840f812498c0_sxm.xml
525 4c77abc94864872858b0ef0d69732a75_sxm.xml
526 534991eb3a7c6ecff69615b6212a4074_sxm.xml
527 76dac177b2454d1ae7785a2031bb061f_sxm.xml
528 b83f3d7cd6ba327e56f362b3231b20af_sxm.xml
529 e66e24565d923d0ba8dd0547f28e7a2b_sxm.xml
530 997232e873dab1d8420ed899245e9954_sxm.xml
531 c9cbe1380b894407e38f8fb5d82cd258_sxm.xml
532 7187da1379634d1bdd58bef70dadd93e_sxm.xml
533 6adefacb3cf186763424031115c63c60_sxm.xml
534 47017a1f34e360d77f6d578e73035173_sxm.xml
535 f5a6e88e8b758d4161acb9d1f9c401e4_sxm.xml
536 3447c04d4988d0abfef0d6577087ee17_sxm.xml
537 28187f5ceb01f0fdf60e873520fc60ed_sxm.xml
538 08d08b729ddadb1aa56ec164190ca205_sxm.xml
539 df5b7bcd76927943757c32e5e997f7f3_sxm.xml
540 ba10ad9bfa65b5bb5d2e98406a3a9008_sxm.xml
541 01abfe5127ca56e228b5c296f08aed8d_sxm.xml
542 052752e0a46a25e9789514e1e5d549d4_sxm.xml
543 bfc6691fd699488a4bf2c334276fd825_sxm.xml
544 9b3f7e960814f6be20c50db46ecea9f4_sxm.xml
545 cba8c36fec0776cd9394c0e097f4e2d0_sxm.xml
546 729d4865e77df8bcec6c264e62ae2b58_sxm.xml
547 a59f715d16a89c1402430a9e69400350_sxm.xml
548 12a2c7c4602ac9532f9674a8f891fd29_sxm.xml
549 149ad00ed10408742b8cefc3901d765b_sxm.xml
550 29b762073815d07d9f5ac8f7e62b4842_sxm.xml
551 e2fffeb3f1e20979b201418f4ab85e68_sxm.xml
552 fa1156a3c9a46f82584c61030f601178_sxm.xml
553 e6b7fca86f0fcb4c3ae8386f82809181_sxm.xml
554 0a5ed639ff1d13f35fcdf3fed6f708b6_sxm.xml
555 554e61c8410b7f5f1fdc839431e8e5db_sxm.xml
556 400710a4b752d7c871e6d73f12be5150_sxm.xml
557 5cd092f2a4483b411ac98c9284b144ea_sxm.xml
558 064dd810d98eb520f3fd42eab67234bb_sxm.xml
559 caf64f090609752e9c0bb21f8439926e_sxm.xml
560 eb5996282e9a1e637225e9ea50e92b81_sxm.xml
561 80da87a7b337a082e122449021c4164a_sxm.xml
562 9701050a771018d84362e4562899edcf_sxm.xml
563 63a811c514492aaa5438195a0450a5b7_sxm.xml
564 b62eb87bd388c53069645e9950543ac7_sxm.xml
565 e0db1e9f10615510c566d4c19717f63d_sxm.xml
566 00e9b45a8c53eb7353213770d78b2e90_sxm.xml
567 0f97282b05878ad6e83109eaafe22af8_sxm.xml
568 001f866af5a5fca45c9cc7b0ee439ec6_sxm.xml
569 4f892692591dc9c68e822e6603481e43_sxm.xml
570 1762f342abafe01a7880901f4ec076ab_sxm.xml
571 61a086899a9208d6df896c3ce40be534_sxm.xml
572 184c213ac8baba4fd7b765af1f8977c7_sxm.xml
573 d05631a3ab6628f68f62609b1bb0babf_sxm.xml
574 3721afe1f89ce148d8b75dfb033d0954_sxm.xml
575 d1df36cd8a4e9e6637e3fa40456e0909_sxm.xml
576 1a36086bafce434540bb2e003b581a1b_sxm.xml
577 8d6615c17278a31332e64578d9496b34_sxm.xml
578 78f2e85b1f7ac55ff80d0df719ca5083_sxm.xml
579 21c1216b0ad8add13105467e2bfdeced_sxm.xml
580 2c1af47750c3cb41ac573d52e88e39ef_sxm.xml
581 0a297116ca498f4fc90026bf4f708b8c_sxm.xml
582 f4ebe4e7c41af416fc01c7cb77cd4e71_sxm.xml
583 0fd3b3e64930ef37936b6606945028e4_sxm.xml
584 ea4b22a6e66c230aaa1c04d470d22405_sxm.xml
585 325472878c8e181d5760407028d4cac3_sxm.xml
586 01000eb692eab63c6f53e6b0552b3997_sxm.xml
587 22e208ee56c0e91a9ef9faa861a906b5_sxm.xml
588 d8b535575de1269ff2952cd745d34c5b_sxm.xml
589 5b2288f926e777cbf338bcd76d3a751c_sxm.xml
590 6bb97b16aa82383e443b4f95c02e3867_sxm.xml
591 4b588f9c49d87adda8983faae21d66df_sxm.xml
592 f707de591f20bb699ced2c4313631e4f_sxm.xml
593 c8e2adba1572b17e8ea4d12819b55b07_sxm.xml
594 c501c98444d739362d789b1a5db9328c_sxm.xml
595 d9a25787b4b0eb726eea8f8b38465731_sxm.xml
596 5f6399dccbe5b48e7caf956d0d659525_sxm.xml
597 fffbc65cff7705cc5bca00328d92c004_sxm.xml
598 7834c34f023ee64e079f55b31c9c24f5_sxm.xml
599 4045f29dcb73a275c555ee92d8dad92c_sxm.xml
600 80d9a9265dba2a8a7c67860b66e8b6b4_sxm.xml
601 e1ea6ee0b96bb573eca8bffd231ec34a_sxm.xml
602 c19777d1aba3d4aafeb7024746ecc267_sxm.xml
603 500cded895a00afeeecdb339d00ea016_sxm.xml
604 818d106df0a7c776064d8a36bfa714f7_sxm.xml
605 eea8fa084f294d140b77feb29de866ba_sxm.xml
606 bd303231dfa6a712d27e71ddf7442e60_sxm.xml
607 af1fdee7124df43646d574bb1b1c1894_sxm.xml
608 6b46a41a8bdb81b7246aabf3b64001b5_sxm.xml
609 9e32202fa2e1c57df8860be4f675562d_sxm.xml
610 ccaaf241df89164059c93de27e357a12_sxm.xml
611 123097a85681e903385665af9cb2d8ff_sxm.xml
612 15f5dd80bbf497c75ab2a689d7ca5078_sxm.xml
613 15432fc6af33d8f8de08f2a3bf3f206e_sxm.xml
614 6cf0790e886ac3d165315b370563baa5_sxm.xml
615 348da37d2abf000e5706b9d06e5ffc4a_sxm.xml
616 338e41d77153d09a8ccf7c41d655b155_sxm.xml
617 a009bbe9d3eead239b8a3ebf22e32d89_sxm.xml
618 31ece2cd87005b81390dd735d8c221c5_sxm.xml
619 1d9429d8fd2d84b531cd16d8e698ff99_sxm.xml
620 5c53ce8006eba0ef10f6ca60c0500822_sxm.xml
621 8977f6de355853ee960296406efe001c_sxm.xml
622 a4196df60ad9d3b5e9823054f34c5d3a_sxm.xml
623 6d995b0b66331380cabe789a8511e121_sxm.xml
624 80ecb9000c26d2bc14162220eb660a41_sxm.xml
625 8e983d59339c015f4bf04a5b1b124aea_sxm.xml
626 32d0f461fd7e7724591760208da41adb_sxm.xml
627 f510cc4fe55c870c435ae57df7bd79dc_sxm.xml
628 f553b15dcbd1b793c8e2a3f43ff8b597_sxm.xml
629 e20d0552fcbc6fe3d6c9bbbf2246d1c2_sxm.xml
630 fdf939b0f56b1810ba0414cd3e909831_sxm.xml
631 ed62689e7fa5e3e5104f197fc2947c77_sxm.xml
632 41a2442154f599b68b0f9c66dbab5f28_sxm.xml
633 0bdbb0b5656cc4bce540c773e698e2f7_sxm.xml
634 156e8fd102c92e5a04aa948c4917b747_sxm.xml
635 0bca1341f01365bdf6b4eebd4be88d23_sxm.xml
636 9f34c0d02b585fd100ec7fe936981754_sxm.xml
637 16400f4758c883103089c5537ab3cd62_sxm.xml
638 bbade3a9a53d27a9fd6da6c02db00584_sxm.xml
639 8afe01ad7a3d1eafe0d456d6b7e11ef3_sxm.xml
640 8ba87d7253fb8f0117f8ab6d282124f1_sxm.xml
641 c424516b4d5e2a1b1db6d6d3eae844dd_sxm.xml
642 9e9003b9c94c661799d90a63ee3d9030_sxm.xml
643 481b1f108893c9f7d6135f36729c8806_sxm.xml
644 65b42abe0ed718558d2a55c8cced8d63_sxm.xml
645 ceb31815dd24deba02fa23ea11b4ced1_sxm.xml
646 c68df84a2c5196f02ac88eb98f43b119_sxm.xml
647 b6bf9e843777fc00048785d5babce87e_sxm.xml
648 004383c294000b651fb8659758e83ec9_sxm.xml
649 4f8928437bb97a409f0b835b3dab23bf_sxm.xml
650 f4c0eaa5b2d168ddcf7e657b3d04df2a_sxm.xml
651 b6a6607086f623dd35a0ed1090aba2b4_sxm.xml
652 0345d87d278ed605803124010cd73cd5_sxm.xml
653 ed155979ee6f796884898fc40230bf2b_sxm.xml
654 5418145a5cda6bfb699b4be7404820ac_sxm.xml
655 289ab371216c635e624320aadeb803c0_sxm.xml
656 bd18ce6cf4095236587158f8e579ac68_sxm.xml
657 59200fed5dc1a1db8c557735386b46a6_sxm.xml
658 5100edd4638dceee97e9137f929b9137_sxm.xml
659 a20f2d5f7b8fda753ab6940eb9644b6a_sxm.xml
660 1e67c2371ba0a9cba7cb2471ba6fd70a_sxm.xml
661 d8144d0d3aa72585ca8dc556159d9be2_sxm.xml
662 dfbf8fd49bae565d3884cbbb19963a67_sxm.xml
663 d52f52b895f03a214a3a077acd253066_sxm.xml
664 448844055ea5241ba03e5f0d64b9b426_sxm.xml
665 1ef358037e301a89852f51cd1bef679a_sxm.xml
666 3675e6a62c348c1373bac6fe7e8faa42_sxm.xml
667 c1acd21d78337afba7aff9c33faa14d9_sxm.xml
668 758f85dfe094ed519a787de9449a55ae_sxm.xml
669 d8f3101268770af0e2ae2ee7f595daea_sxm.xml
670 a8e5bb147ff09a4632886a96a2ccac1b_sxm.xml
671 eca65f404729c4da356b2ec36ab14b25_sxm.xml
672 e00146591f2c03c61dfad23ce2e77362_sxm.xml
673 121ec194690a0b1deef533a9d68e987e_sxm.xml
674 36472e152c9b765640ad6166ba49b7d8_sxm.xml
675 fa69f2acc2375f1ba58fa3e8a684ebf0_sxm.xml
676 7b5bb241e8fd1402dded332bb85c8cb5_sxm.xml
677 71c01211bfbac7111b0124d6177058c3_sxm.xml
678 169184d42e74269a73dd0ec995213f3c_sxm.xml
679 4d6252e4e3b897fdb5c807cb645077ef_sxm.xml
680 db1b2be8084486f1148b7832d9ff2e70_sxm.xml
681 4341186e72ec35aa6eca9caab24ddf1e_sxm.xml
682 a1b60ab37e0d085276dc0da04e3442e6_sxm.xml
683 230e94828ace607aac7eb3a734afce7a_sxm.xml
684 d21bf3f9d7a31933f6eefb73799a5d67_sxm.xml
685 8c5cc0fdae1f1087d70c03ae29e5acb9_sxm.xml
686 995331f5bd3a0d9bb6133774253ca447_sxm.xml
687 abed358f7eab23c858d442727c85e0ae_sxm.xml
688 d57bca7b51fcca2f28f7ef77077d5ed6_sxm.xml
689 b5afe4c28bf15c54aedecddd058cfe02_sxm.xml
690 3af61c4b0da6039ce55e350fb04cf24c_sxm.xml
691 44553d6855c58fa2542e72882aabc4c2_sxm.xml
692 fca4a09c32ae35f0a2bfe5e86a55afff_sxm.xml
693 c587976ee9101ce0c3b95f1c98269fb8_sxm.xml
694 00f65fc52cf6801646336e91d0073dbe_sxm.xml
695 d6b4420ba6c5bf898ec55fa5241bd7ec_sxm.xml
696 ab34956c7003d07e614c7dc90b1accee_sxm.xml
697 268dbff3927505c91c98a9b23b6b1bd0_sxm.xml
698 09a0e78cdc722c229e4527506463f8f2_sxm.xml
699 3afb29b11099727a8944b8f8722fe90e_sxm.xml
700 596494eeee4b24de243bd5f0e099f70b_sxm.xml
701 ff166e6e5c383efec5c31e68bd2b9a6a_sxm.xml
702 24337585a6e5c381d222b4e3ac673cea_sxm.xml
703 83b11d32d70059a909ba19724dfb3781_sxm.xml
704 e7c9dbb81b75cdf2ea6cfd4cc5bd6bdb_sxm.xml
705 0475b8ce30bc83e61246407e2ed99582_sxm.xml
706 9398a45e395f8dd6f06e945fae35c3ad_sxm.xml
707 6104091b4834e161b24b6d31db04ba78_sxm.xml
708 6d0c9b66a2cc60171d39f83e0c56e540_sxm.xml
709 cf5d95ed6f3e975131a11a8c6180d26e_sxm.xml
710 d253ae0d4abdc5defbf6cb15bafde613_sxm.xml
711 5820f63a78a03ce793dcacf66a3258f1_sxm.xml
712 78435cc2f0333f6d8cc1bfef1b43c027_sxm.xml
713 7746138685f3cd125b3ec80c1df50162_sxm.xml
714 5dd5a64c4e3b79fa13a003f1ee187579_sxm.xml
715 0af6e4acd1cddf76c5378d20e3bfcb9f_sxm.xml
716 68895d15ff925a16f450e189d6c59851_sxm.xml
717 4051c68d078903f3cf71cce3d8888fd5_sxm.xml
718 3ecb34a5f89c8f6e82e81f02526037a1_sxm.xml
719 f96c57d340f61c92a08d30282c8e4f2e_sxm.xml
720 0451e7b613982eac0e948c7e64bea5b5_sxm.xml
721 b404f72c8c3adb4dd997acad5ad07370_sxm.xml
722 2a5e628be45f6351f786f40ab06919e4_sxm.xml
723 1d87027695dda28f8d329f80f563adcf_sxm.xml
724 115e805e31e8e6a13dc2af2cf26a678f_sxm.xml
725 4f95b3e7501d4f095fa2dff571fc45a4_sxm.xml
726 f0b67ac12ed68f09c05c618d71dd992d_sxm.xml
727 dcd95dac6ffef3b990539fb12d82694d_sxm.xml
728 bc49dc4e4cbe666a6a807edfb0a33a08_sxm.xml
729 36c9b56f1f49df77bb27844d6a03f70f_sxm.xml
730 b74357c2252b9e4ebd21c4e56dcac85c_sxm.xml
731 a38f56db94770c81c497dd5c29409215_sxm.xml
732 635fc84642991ba1333cf319f02e9156_sxm.xml
733 c9c2d72fb406ef575d4f712f731a8a30_sxm.xml
734 892c8b74f7c6b11ef0848bee60dc76cc_sxm.xml
735 8000b5e9b2b7439ba36959df05cae5a3_sxm.xml
736 0a0ac43e05c1187304913cd710bbd494_sxm.xml
737 d299ec03535f3b2329909266b91d9d2a_sxm.xml
738 07502844b25f027149fc76e84a4eb7b5_sxm.xml
739 4814cfc55672924663ab7217fc7753e8_sxm.xml
740 e7f30c838991d3f30a13deb0017a4ec2_sxm.xml
741 bd7c66473492ad4c7ceee883f5c52c56_sxm.xml
742 7981ccce32ba6f9cbb0eed2162d3134e_sxm.xml
743 1bf82ed4ff33c053a65d74669954be59_sxm.xml
744 7252268815238a3ce35db18e41802970_sxm.xml
745 221e1913a7a7f1c42dcbc72c4d88328c_sxm.xml
746 5d8a9c01c4f9206f4e8b109875208b6e_sxm.xml
747 b8e09126e2911a9ec0b461a96aad7552_sxm.xml
748 36d74c0c96663b96565dd05d3f388701_sxm.xml
749 6765ae29a3aa7b762165e2c9110c7c3d_sxm.xml
750 a94472f83250122c231ce15b42fdc380_sxm.xml
751 6c5f3ef2b5ffa2452d12e51968ab3685_sxm.xml
752 0e837b9e19c3453af8f4dec1c5b1bae6_sxm.xml
753 87cb9079bea370fc3f72e816bc1760ae_sxm.xml
754 2f0cd619390261a671e88c28f5f9fc6a_sxm.xml
755 bb757ebc3b1af4a9b1ca685122211d11_sxm.xml
756 b8d2ec6d41e36ed77004ba2ec9f97c58_sxm.xml
757 d30526fb9b48235b3ca0f8786f22127a_sxm.xml
758 e178f2aff1a126ae5c8ea6f93a488940_sxm.xml
759 77e89911aa0979716a349b2d5b96e2db_sxm.xml
760 6ea1962e32398ae6dfe39daa3ee52b7e_sxm.xml
761 712422ddf6bd22212276a0a240315fd0_sxm.xml
762 2315aea108e70069931e8e49efb573ab_sxm.xml
763 d80f9d497ac99d020129f1134cd169ae_sxm.xml
764 c9bc57053707c6a763689989c94eb1ff_sxm.xml
765 c2f3ce4e46c24c27cfdaaca1825cb3bb_sxm.xml
766 2a571389ea702c1e7dddde695a697728_sxm.xml
767 02dd9d6fa55c9d5aac64e001ab72dcd2_sxm.xml
768 f3db4d34ea8490bf93603ba2dec09f34_sxm.xml
769 1c906b7bad355a7ae9a1dba9188a5b2f_sxm.xml
770 2cf16f67492c800f603f4889c941a9d2_sxm.xml
771 fe7f5e50999b2acf3e86f288aee2b3e9_sxm.xml
772 825df3c6e2d57328cfbdca58d1c718e0_sxm.xml
773 407ff4ce6eaf3b9161c55825092e365d_sxm.xml
774 8d3fe0a17c95acf1acf27c4607959512_sxm.xml
775 a2bd22d750d873a77ed40ccc68ccffd8_sxm.xml
776 3c2e477337d0c2e35e907797b32079d6_sxm.xml
777 644037af75ca27cfe3d97ab7f6396a60_sxm.xml
778 cc1d30b6c8e1f3c3c6b41b049791c96b_sxm.xml
779 c09bd316e2c6c5cd62d41dcdaef0b0a6_sxm.xml
780 bed3c54aedf3d5b1c83971302a1c50ce_sxm.xml
781 4ff66d2a0791572cf352775d6879bd75_sxm.xml
782 423509ea9a66cfa084d51d5a0c097eb5_sxm.xml
783 a6dded3819e3ccbad1e2665817c4a65e_sxm.xml
784 70f67c9f015def105bdf3fa8f81bb33f_sxm.xml
785 c8c8e6bafd8451fc1f88b7b3121e9dfa_sxm.xml
786 7c3e8061d129bac5047c54bdf70c6536_sxm.xml
787 efbe609d2e3f9a59464f28f95f68491c_sxm.xml
788 fb0b32aeafac4591c7ae6d5e58308344_sxm.xml
789 55a64eccbceb66b7e1ce5e6f142ea12a_sxm.xml
790 be23d3107fd67553e2510edb1d63e940_sxm.xml
791 fac72f0c7e146858b5bb74a42813442a_sxm.xml
792 7fb0fdc85e669fc0604247e0217bcf8a_sxm.xml
793 59da71755dd906ae4da132c34c99cc94_sxm.xml
794 e4ad546e7eecb929f87b3c8ac6bce3f9_sxm.xml
795 5ba5865575aaa28b08d6079f0eb8f562_sxm.xml
796 ea095739ff3991e56e00a7c24bd3c466_sxm.xml
797 bca68a0959e2b33a837283badc04c9e6_sxm.xml
798 188e9617818df917532484223f53f099_sxm.xml
799 c8b282d7ec8b861fb8d9e1202de19150_sxm.xml
800 afd3b46393fb138f1d63afe00c327a0f_sxm.xml
801 ac874f4485b0119acec01bde732d8ad0_sxm.xml
802 3be753d4a77dfd7a656a0de3a02ab7fd_sxm.xml
803 ec8e180745a6cad4db8116fbbc907ffd_sxm.xml
804 449b649a08169894f6aa877bd6cdbbaa_sxm.xml
805 764e84c429a584ae845ea4fc799d28b5_sxm.xml
806 8bb343776316fd01e2c8ccd5c54667be_sxm.xml
807 64d81a21e6ea483a7ae441ffe4619f24_sxm.xml
808 2cd0151b158cbbf32b909b364037ccfd_sxm.xml
809 6386c27be6634f1331975d0cadf27630_sxm.xml
810 9631e14c59ec8880a4d13867f4a07f93_sxm.xml
811 d72cba9ffa8db8862c850f345fcbea85_sxm.xml
812 7a01cf5427bceea1f53615bfa3ff6937_sxm.xml
813 48b3b98bd83ac734b549ae9c464a4d0f_sxm.xml
814 c3fdd3a96dd20c769a60aa158005893e_sxm.xml
815 86224283bb8fb4025c8899e66381751d_sxm.xml
816 cbb65703540c43cfffbd3ce126f0e72e_sxm.xml
817 93ba1cc55b0f529e09e5254dc23a8910_sxm.xml
818 492d932de91ec10cc9b87465dcf00760_sxm.xml
819 f48aa031b296a4dc5762b37590a9ae0c_sxm.xml
820 81e6b52d6b918751088574ed0082f2ca_sxm.xml
821 3b76f5a83fe627c7006bcfd746df07af_sxm.xml
822 c840d9e2c1fd0b82231b873642a925d5_sxm.xml
823 f4b3dbc1bcc014f309a1b518257a4c75_sxm.xml
824 643f5992ccc273d56185845c903dbeea_sxm.xml
825 e477008a4938640e8ba2571176199e4c_sxm.xml
826 7c7acb86c1b66bcab959eee8334f40dd_sxm.xml
827 413ca3a4c84d563c5aa0eb1240aad1a2_sxm.xml
828 a6f3db0783af85b0e04ae428a735c1ab_sxm.xml
829 2f1a912808b636c2145581fad16c3d59_sxm.xml
830 9b72a5047d21f99d4d0fd4bc669c2d82_sxm.xml
831 8e075b4e231aa8503a2c0433524786f8_sxm.xml
832 6fb27ce9be342057a097c784875ae0ab_sxm.xml
833 c705dbcf57fd1cbe348ebe6b74a0a503_sxm.xml
834 533f8c925c2fb750b27757e285bac481_sxm.xml
835 90489aae02af15b953cf2390b5201648_sxm.xml
836 a213e7a7158ff95fd62c228bcb959e56_sxm.xml
837 32fc52afc4f59fef46254dcc1c77923f_sxm.xml
838 46ad0e920762f3ca49ef561817d50dd6_sxm.xml
839 aa11b85a0bf8f9adc955bec46d647251_sxm.xml
840 e81de3e682ad53bc43a34940b8546d88_sxm.xml
841 feb97ca71c3444b6c9eb534cab9e132c_sxm.xml
842 3c438cb4673874391425bdf66a3f7114_sxm.xml
843 8263f62a2b8e6a41cf1a3a5da73a5ad4_sxm.xml
844 4f275e33ca6918b5e2cd17cebbeb7b81_sxm.xml
845 ed178ce34afc136c5d41dbd4e3df8c8f_sxm.xml
846 2e929a5130728201431d34dc4d4ba574_sxm.xml
847 1fb4d76fc170ad67824b7688596590e1_sxm.xml
848 f3b6e4be7ac4d010f856244225cc7f01_sxm.xml
849 e7d6663a9cca99dfd499350462ee20b4_sxm.xml
850 35695c955c51f0bb39482ce5477047c7_sxm.xml
851 9343853cb958aaef4b51ac21f1fa22a9_sxm.xml
852 083241c67b1a1d258c5c4c724481d9c5_sxm.xml
853 5d8f7dd402b469a84b258e172b7f84e9_sxm.xml
854 9d298fe79fb3a1be72dc88d9e89e352d_sxm.xml
855 1ce3e9bf1686a28451b10a2f3f6e54e7_sxm.xml
856 419bf7201355912c66a9b8e3d4c34051_sxm.xml
857 15ac338ecffc538897fe213e7b60e80c_sxm.xml
858 8a2adbcf5cb560a57ac0b53ae59e04de_sxm.xml
859 8dc4ef2f759ff068ac95d23e3ce8023a_sxm.xml
860 5fe1ebc466f067b255bf34680a293b52_sxm.xml
861 ce9caa90807db90226f1041ec6753b0e_sxm.xml
862 6aacf674a873cefa3eeb69b14cbb10e9_sxm.xml
863 68f8ae456e9098cd0d63eae4f1a5c535_sxm.xml
864 e88c63a5c7b6fa8e5055ad185755a8dc_sxm.xml
865 f0fde62a76ee240319ab121a5857c069_sxm.xml
866 1589d10a46270c51877e9350ba802938_sxm.xml
867 dad2cb66eb206530422f4d819f918f89_sxm.xml
868 97ea4649cc9e9365451e526a9ad44ffc_sxm.xml
869 4b42593f9e32df19fff965ffcc2afef8_sxm.xml
870 7aa0e35b6e70db8f571b3e7184bb5488_sxm.xml
871 77964e786b976008655b4ff13fdfbef4_sxm.xml
872 0c0165cf8adb178b17008380ee9266c2_sxm.xml
873 9a56020e1e506088967da95e08194dff_sxm.xml
874 39a824ae4dfe9077e4f5ab6c4d37b5db_sxm.xml
875 ffe6a54cb55d8137d0962504bdc59eb1_sxm.xml
876 d6fa053b3657acfb51bffed24fc463e7_sxm.xml
877 377b84a44d2e09389afce02a965c4b6b_sxm.xml
878 79d243284c84c9b429a5dcef53b4a630_sxm.xml
879 b935c1c435a6f0301b478ff57afba3e5_sxm.xml
880 b207f4dfba32edee99f7e7667b875a64_sxm.xml
881 10998913501d61a028ea99eba4d8bdac_sxm.xml
882 bff670b309c06481c2151f3d61414681_sxm.xml
883 e93053d7756c3b20c5007347ffbef2cf_sxm.xml
884 6d8c3fab5249826487aa9c46d1216d90_sxm.xml
885 14005249dc852e3ea4ffeb492f2d28d9_sxm.xml
886 390783c37381799f490c4979f691655c_sxm.xml
887 986cb214746cac3098fae73f2866aa6a_sxm.xml
888 e5f79a91cbbf4ed7710c9484ec34aac7_sxm.xml
889 c3f513f079d13cdd8779372cf3c79996_sxm.xml
890 77f67f2c5d099397ef1d72b3acbaf776_sxm.xml
891 45bd54e6bd9f48327b39a6c08eb9d529_sxm.xml
892 a50802e55f23a850370b47d625336364_sxm.xml
893 ee7fe43a7697cd8e23e7a34bfdc6297d_sxm.xml
894 16cfcdb21a04a66566fb5addaa87cafd_sxm.xml
895 366cbc8fb6efc80593149c1bf2c2f08e_sxm.xml
896 0d0d8647b69ffc5ae5ddf3fa96f3173f_sxm.xml
897 9728a4c86cfea37bba7085d655c2d4dc_sxm.xml
898 f082ad5232cb880ff4401b036608d533_sxm.xml
899 6387a9e390d7b23ae2dfdb0a73f4b510_sxm.xml
900 89d7c394e6dcdf87a91c75ac3b2ccbe8_sxm.xml
901 bba18083757c6569909476ef6520c395_sxm.xml
902 8b20ada2c3ae3d877e8847f76e5491b1_sxm.xml
903 adcead37977b095e1c442d679ba09bb7_sxm.xml
904 375a9e08af091a7da23c54cd4a578d9e_sxm.xml
905 b113f3af30db049bf997eaa54061eb1c_sxm.xml
906 cff672147f4bc259b6afe39ef019eca5_sxm.xml
907 49b7c95f0594be5f9f040d0806ea3ae6_sxm.xml
908 c31a06f21b9f2fabff7f540f7caea43e_sxm.xml
909 6c9ea217b0858ec69d0ce00a99819b70_sxm.xml
910 a6f959544dfd135debecb0720aa358c9_sxm.xml
911 f7cb9c5ca22fc7d7685f1b1a4371d792_sxm.xml
912 334a9fc140e435282e4968957734de5d_sxm.xml
913 509728374f0cb29f75f4eafbdafe8539_sxm.xml
914 550a28f3a8c5e3eab675d77bb54fabd2_sxm.xml
915 dbd630c150e27b67c57b1f3573ca678b_sxm.xml
916 068753a849ebdbf3c778044c35d4495b_sxm.xml
917 d73ae6940006e4aee6ee8d78aaf2e18a_sxm.xml
918 29ddafc85a03d011a8c64b6846beb3e1_sxm.xml
919 09f9c89a6bcf268f98a24820c47c85aa_sxm.xml
920 773b0ba9ca28ebade8083f10ec810890_sxm.xml
921 2bd296fa4ea1d9a68de18ded77649983_sxm.xml
922 70773c44c001d94f7a66e67f38cf8a05_sxm.xml
923 8d74ddd439fe4b94830da1d235201f0f_sxm.xml
924 10e4618ae97beec238156f1b1d02f3f2_sxm.xml
925 07ebe52e003a85dd9ded46da9dae126d_sxm.xml
926 840c578ce933c4bfeb0db075a31ca95a_sxm.xml
927 62853c6a6b09eb7de70504be56489de7_sxm.xml
928 6b06f657e7e3b1395f940fa01dd20cfd_sxm.xml
929 864bb97f03edcff57e4c5de9670ebdd3_sxm.xml
930 53171ed34517e38a2a7ae536f349f94c_sxm.xml
931 ab6620c39e13ff9b329ebe1a7758e62f_sxm.xml
932 5292a42582e70bda4b6e722e1468e873_sxm.xml
933 a34fdd1d49211c7851e86b77445a2ff1_sxm.xml
934 357f5660e94a699cd0d630cbe573503c_sxm.xml
935 c1b83d7141438976ea21a48f605ffd50_sxm.xml
936 64bdf2d08d4ba0bfb7e4ec9ed9ab461c_sxm.xml
937 94d430c97f129352b6211310ce9bcd7e_sxm.xml
938 0644682e31bd8aa0fef300c985e717b3_sxm.xml
939 56ffb0a30442fadf52b7777587418284_sxm.xml
940 9b1c1ea1e8c434b2836437d0b08eb8db_sxm.xml
941 c557609e34089331c1a3242e3ea538be_sxm.xml
942 1b1d24b1ea29b93d78ef257bab920802_sxm.xml
943 4e095d288876139ce0c5a7b8541d9be2_sxm.xml
944 107dbdf6faead2c469a3297fdef36d28_sxm.xml
945 af8e0cb4a7c7d241328e387ec5237109_sxm.xml
946 f6103bd0cb83fc0f4afded5782f329fe_sxm.xml
947 74457ee55cb16e40e6af52d4ae7661f1_sxm.xml
948 ae30b5c0a8caa6fd72d0f364ea939c6d_sxm.xml
949 e46bf55fb3f14772b9057e6b373bb317_sxm.xml
950 9167e714b697cb842d2c48aab04bc902_sxm.xml
951 d7e2ef9fa54f3457a4bc923d710749b7_sxm.xml
952 da52e41105a017decdb3eeed92c34dca_sxm.xml
953 cb0a319a8315f2e0b017ae42f2bc17e0_sxm.xml
954 2091af29fe38984fa53768c0adde4695_sxm.xml
955 7317a3aa9deb83f32fabed11f34bef8c_sxm.xml
956 2eba0b004eed4a6d955bdeea94f50954_sxm.xml
957 b3ed6ab8cd3a9fa797895a9c29e7da05_sxm.xml
958 0fc1a97d861a9a070d7e6a99b194ecc1_sxm.xml
959 fe1390a29c4b8d708d8cd80dc87150d2_sxm.xml
960 5445ad72cf8c07a7c14b9fb9b4aba9d7_sxm.xml
961 8140efcd2b2062e7e763b120d4e54644_sxm.xml
962 a10c143878cae84742776d7cddf04f48_sxm.xml
963 084d9e308175f2bae4e18b1428ff7b5f_sxm.xml
964 eb8068e7e8692503e9d1419a05fc9451_sxm.xml
965 f290c5d8a4430123b88d195ab83b4308_sxm.xml
966 58389144f8709be88453ec45dcec20fc_sxm.xml
967 52dcdf73e18c5d10e81e3659eacbf50b_sxm.xml
968 5bc712e3724dc907182065bc7c3cbd41_sxm.xml
969 32a8329aa1f1f35e5455eec14b032afd_sxm.xml
970 14b172dcbd9631a4434b67113f8bbc22_sxm.xml
971 01925f3aad3fe3015bba620c482a6f3a_sxm.xml
972 05ecf4fd2e252a73db9bd64c363db982_sxm.xml
973 376f40a75ce06e4e7c9a414cbd03566a_sxm.xml
974 e02644a5e8a191a78cc94ccdcd29c25d_sxm.xml
975 fcfeb02f927482cc9f529fa02d587625_sxm.xml
976 3cbd5923fdd57b8bbad2a78182bdc0fb_sxm.xml
977 7da90a380753679c2d6b615585ce71ef_sxm.xml
978 969cd8d7c1f5aa9b09e810ba72ad0c4c_sxm.xml
979 88ab18577983b8a8e06223136dde8764_sxm.xml
980 d5e156a164625141aee0085a8ca4f2c0_sxm.xml
981 133f9dfa8dd316359a5b2a89ca4991cf_sxm.xml
982 b7705b1e9e69f1c23f78d9e42d77019e_sxm.xml
983 6f9ebca27ca218cd936f4760ee9d9863_sxm.xml
984 bfe15e2846e08c4c88ea71e961cfbfc6_sxm.xml
985 5ceb587a2cdf856f4dffd2150a19f525_sxm.xml
986 8d0e229c357d1e23c60ba5a753d40973_sxm.xml
987 9abb9a3b4d70cff1a7004d4718239d3c_sxm.xml
988 de9f23c1910dd95e39f07568d31c85c5_sxm.xml
989 de9680eba7c61c8c96f762fd4c7b2b88_sxm.xml
990 84e94be81a688f101d8ce7fc4a1deab1_sxm.xml
991 d21a216f3e2fbf4ad3eec93defe9cab8_sxm.xml
992 db775df25582b10e197ffe3184c66089_sxm.xml
993 9ad070bf2451d935790f6da786af46e3_sxm.xml
994 b3513dc55c346c7856319031e4bf263c_sxm.xml
995 881334b30f37ca9818c0e0a99e7e1268_sxm.xml
996 5fb5d5eb7147e8d46aa96e8fa67e8450_sxm.xml
997 d0b94ae88866313331609d36529d0bf7_sxm.xml
998 8ae8da36b9f9ebbb895074e9c1cd8cd8_sxm.xml
999 707cbc8d22309f6aec650e075b1bcb0a_sxm.xml
1000 a8ed5b945be8869cd0334b78aa5ce2d1_sxm.xml
1001 92c58851720584106da9e37202b48ede_sxm.xml
1002 766b8c6eb0d2c6ce988691a9290b5da5_sxm.xml
1003 3efc9f99073a63a41da8a4b6b3d94941_sxm.xml
1004 27e6486e0db7234407800eeb200122ca_sxm.xml
1005 91410741acc1788ea2248a74d9320bc6_sxm.xml
1006 92d4f1861e36915edd59ad541abb9e7c_sxm.xml
1007 7b67e89b17c541f7a75bf2c8303f5a83_sxm.xml
1008 a1529b0d27d33c53caf40d623ad9cdfa_sxm.xml
1009 663328825d028434fecb648eac2ccf4c_sxm.xml
1010 c75de8867054dac92179f712a971ad85_sxm.xml
1011 f7df4b3972375bc784cd61ada708046f_sxm.xml
1012 71915863d3fd965a9cafbfc6172612ec_sxm.xml
1013 faca161bab38c3acfe91d17e4a20d027_sxm.xml
1014 3f366a530c0876160c4676b460e25e34_sxm.xml
1015 cdf37dea659796a6c7423088a962564a_sxm.xml
1016 4adcaa03a219960a7cd1c6cd7e00e3a2_sxm.xml
1017 f2410c4d506f64ffb147fadf3b95f977_sxm.xml
1018 49c22fbd65ad1adecaf47dba623aab1f_sxm.xml
1019 4d07bd0a2a0d1debf6db09d3c89d9381_sxm.xml
1020 ea23449c841478ca0b83f76f9aef5b19_sxm.xml
1021 accf3ea21d840bb3f53a9098f1371f80_sxm.xml
1022 5756b77cca06495b407329282e12c1ad_sxm.xml
1023 1537c26f641724c7c0162a86d5857c90_sxm.xml
1024 794ccdbcd9f38df823e6a2adda4ad33a_sxm.xml
1025 9a5f8f981229321a024c73629e5f0522_sxm.xml
1026 df93f18fce888d10e3952edc3cf59f52_sxm.xml
1027 a1fdead3fcebdaea9924cadd42ea1030_sxm.xml
1028 b007e150c50d1e6a55bd8b2a98a15470_sxm.xml
1029 0baa9eb3cbccdde1ed7614987bb2f094_sxm.xml
1030 9107355e88b4e9a5e2c9a77e282ae002_sxm.xml
1031 afc9fc2b5f7b0ce66ac56d46555cd194_sxm.xml
1032 4a03ac7e67c9c622edbd86acc7cb1ce8_sxm.xml
1033 dcdedf765816dcf431988912f3f30de0_sxm.xml
1034 ceb2bbabf9655f619024840291c74270_sxm.xml
1035 6efd8ba8cdb3e9e0360b56163649695a_sxm.xml
1036 5adcead8420e44e7193d98482c6fa142_sxm.xml
1037 fadb3c5cfec8f90534069b1ac37df82c_sxm.xml
1038 e05318f519f4a6a7b7a7f1bd3fcf4597_sxm.xml
1039 aceefae88fad3fbc04d589496a2bbcbd_sxm.xml
1040 977c29836b596beeb58589be4645c3de_sxm.xml
1041 b4bc53d95c888d28b4ec7007fdfcfa41_sxm.xml
1042 5786ea29d7ee1e30b0ec56a75ff74a5c_sxm.xml
1043 fb722eb44a70847d16d96ffe1872826f_sxm.xml
1044 e30c3513e55234ba00e510136c3aac6b_sxm.xml
1045 8625e0e5651fa13f8aeae5e9ed5dcc22_sxm.xml
1046 9f4efa6875c5b0048e6245278a38412c_sxm.xml
1047 278bf6a4e514e6b15d5c1a2ff7d6d70b_sxm.xml
1048 fc43fac283ea490182be2fb0b76ffbe1_sxm.xml
count:  1049
